<?xml version="1.0" encoding="utf-8"?>
<test-run id="0" testcasecount="196" total="196" passed="140" failed="0" inconclusive="55" skipped="1" asserts="1272" result="Passed" portable-engine-version="3.3.0.0" start-time="2017-04-01 15:12:13Z" end-time="2017-04-01 15:12:35Z" duration="22.847396">
  <test-run id="0" testcasecount="196" total="196" passed="140" failed="0" inconclusive="55" skipped="1" asserts="1272" result="Passed" portable-engine-version="3.3.0.0" start-time="2017-04-01 15:12:13Z" end-time="2017-04-01 15:12:35Z" duration="22.737193">
    <test-suite type="Assembly" id="1273" name="DapperExtensionsDNXCore.Test.EXE" fullname="d:/GitHub/Dapper-Extensions/Dapper-Extensions/DapperExtensionsDNXCore.Test/bin/Debug/net451/win7-x64/DapperExtensionsDNXCore.Test.EXE" runstate="Runnable" testcasecount="196" result="Skipped" label="Ignored" start-time="2017-04-01 15:12:13Z" end-time="2017-04-01 15:12:35Z" duration="22.665076" total="196" passed="140" failed="0" inconclusive="55" skipped="1" asserts="1272">
      <environment framework-version="3.5.0.0" clr-version="4.0.30319.42000" os-version="Microsoft Windows NT 6.2.9200.0" platform="Win32NT" cwd="d:\GitHub\Dapper-Extensions\Dapper-Extensions\DapperExtensionsDNXCore.Test" machine-name="BRISURFACE" user="Brian" user-domain="BRISURFACE" culture="en-US" uiculture="en-US" os-architecture="x64" />
      <settings>
        <setting name="WorkDirectory" value="d:\GitHub\Dapper-Extensions\Dapper-Extensions\DapperExtensionsDNXCore.Test" />
        <setting name="NumberOfTestWorkers" value="4" />
      </settings>
      <properties>
        <property name="_PID" value="7124" />
        <property name="_APPDOMAIN" value="dotnet-test-nunit.exe" />
      </properties>
      <reason>
        <message><![CDATA[One or more child tests were ignored]]></message>
      </reason>
      <test-suite type="TestSuite" id="1274" name="DapperExtensions" fullname="DapperExtensions" runstate="Runnable" testcasecount="196" result="Skipped" label="Ignored" start-time="2017-04-01 15:12:13Z" end-time="2017-04-01 15:12:35Z" duration="22.652361" total="196" passed="140" failed="0" inconclusive="55" skipped="1" asserts="1272">
        <reason>
          <message><![CDATA[One or more child tests were ignored]]></message>
        </reason>
        <test-suite type="TestSuite" id="1275" name="Test" fullname="DapperExtensions.Test" runstate="Runnable" testcasecount="196" result="Skipped" label="Ignored" start-time="2017-04-01 15:12:13Z" end-time="2017-04-01 15:12:35Z" duration="22.649247" total="196" passed="140" failed="0" inconclusive="55" skipped="1" asserts="1272">
          <reason>
            <message><![CDATA[One or more child tests were ignored]]></message>
          </reason>
          <test-suite type="TestSuite" id="1278" name="IntegrationTests" fullname="DapperExtensions.Test.IntegrationTests" runstate="Runnable" testcasecount="111" result="Skipped" label="Ignored" start-time="2017-04-01 15:12:13Z" end-time="2017-04-01 15:12:35Z" duration="22.133466" total="111" passed="55" failed="0" inconclusive="55" skipped="1" asserts="1114">
            <reason>
              <message><![CDATA[One or more child tests were ignored]]></message>
            </reason>
            <test-suite type="TestFixture" id="1012" name="DatabaseTestsFixture" fullname="DapperExtensions.Test.IntegrationTests.DatabaseTestsFixture" classname="DapperExtensions.Test.IntegrationTests.DatabaseTestsFixture" runstate="Runnable" testcasecount="0" result="Passed" start-time="2017-04-01 15:12:13Z" end-time="2017-04-01 15:12:13Z" duration="0.002254" total="0" passed="0" failed="0" inconclusive="0" skipped="0" asserts="0" />
            <test-suite type="TestFixture" id="1013" name="NonCrudFixture" fullname="DapperExtensions.Test.IntegrationTests.NonCrudFixture" classname="DapperExtensions.Test.IntegrationTests.NonCrudFixture" runstate="Runnable" testcasecount="0" result="Passed" start-time="2017-04-01 15:12:13Z" end-time="2017-04-01 15:12:13Z" duration="0.000064" total="0" passed="0" failed="0" inconclusive="0" skipped="0" asserts="0" />
            <test-suite type="TestFixture" id="1136" name="NonCrudFixture+GetMapMethod" fullname="DapperExtensions.Test.IntegrationTests.NonCrudFixture+GetMapMethod" classname="DapperExtensions.Test.IntegrationTests.NonCrudFixture+GetMapMethod" runstate="Runnable" testcasecount="4" result="Passed" start-time="2017-04-01 15:12:13Z" end-time="2017-04-01 15:12:13Z" duration="0.077536" total="4" passed="4" failed="0" inconclusive="0" skipped="0" asserts="5">
              <test-case id="1138" name="ClassMapperDescendant_Returns_DefinedClass" fullname="DapperExtensions.Test.IntegrationTests.NonCrudFixture+GetMapMethod.ClassMapperDescendant_Returns_DefinedClass" methodname="ClassMapperDescendant_Returns_DefinedClass" classname="DapperExtensions.Test.IntegrationTests.NonCrudFixture+GetMapMethod" runstate="Runnable" seed="1607784009" result="Passed" start-time="2017-04-01 15:12:13Z" end-time="2017-04-01 15:12:13Z" duration="0.028517" asserts="1" />
              <test-case id="1139" name="ClassMapperInterface_Returns_DefinedMapper" fullname="DapperExtensions.Test.IntegrationTests.NonCrudFixture+GetMapMethod.ClassMapperInterface_Returns_DefinedMapper" methodname="ClassMapperInterface_Returns_DefinedMapper" classname="DapperExtensions.Test.IntegrationTests.NonCrudFixture+GetMapMethod" runstate="Runnable" seed="2115482333" result="Passed" start-time="2017-04-01 15:12:13Z" end-time="2017-04-01 15:12:13Z" duration="0.000486" asserts="1" />
              <test-case id="1140" name="MappingClass_ReturnsFromDifferentAssembly" fullname="DapperExtensions.Test.IntegrationTests.NonCrudFixture+GetMapMethod.MappingClass_ReturnsFromDifferentAssembly" methodname="MappingClass_ReturnsFromDifferentAssembly" classname="DapperExtensions.Test.IntegrationTests.NonCrudFixture+GetMapMethod" runstate="Runnable" seed="208544124" result="Passed" start-time="2017-04-01 15:12:13Z" end-time="2017-04-01 15:12:13Z" duration="0.028936" asserts="2" />
              <test-case id="1137" name="NoMappingClass_ReturnsDefaultMapper" fullname="DapperExtensions.Test.IntegrationTests.NonCrudFixture+GetMapMethod.NoMappingClass_ReturnsDefaultMapper" methodname="NoMappingClass_ReturnsDefaultMapper" classname="DapperExtensions.Test.IntegrationTests.NonCrudFixture+GetMapMethod" runstate="Runnable" seed="166916001" result="Passed" start-time="2017-04-01 15:12:13Z" end-time="2017-04-01 15:12:13Z" duration="0.002101" asserts="1" />
            </test-suite>
            <test-suite type="TestFixture" id="1134" name="NonCrudFixture+GetNextGuidMethod" fullname="DapperExtensions.Test.IntegrationTests.NonCrudFixture+GetNextGuidMethod" classname="DapperExtensions.Test.IntegrationTests.NonCrudFixture+GetNextGuidMethod" runstate="Runnable" testcasecount="1" result="Passed" start-time="2017-04-01 15:12:13Z" end-time="2017-04-01 15:12:13Z" duration="0.014677" total="1" passed="1" failed="0" inconclusive="0" skipped="0" asserts="1000">
              <test-case id="1135" name="GetMultiple_DoesNotDuplicate" fullname="DapperExtensions.Test.IntegrationTests.NonCrudFixture+GetNextGuidMethod.GetMultiple_DoesNotDuplicate" methodname="GetMultiple_DoesNotDuplicate" classname="DapperExtensions.Test.IntegrationTests.NonCrudFixture+GetNextGuidMethod" runstate="Runnable" seed="775363681" result="Passed" start-time="2017-04-01 15:12:13Z" end-time="2017-04-01 15:12:13Z" duration="0.011124" asserts="1000" />
            </test-suite>
            <test-suite type="TestSuite" id="1279" name="Sqlite" fullname="DapperExtensions.Test.IntegrationTests.Sqlite" runstate="Runnable" testcasecount="51" result="Skipped" label="Ignored" start-time="2017-04-01 15:12:13Z" end-time="2017-04-01 15:12:34Z" duration="21.686212" total="51" passed="50" failed="0" inconclusive="0" skipped="1" asserts="109">
              <reason>
                <message><![CDATA[One or more child tests were ignored]]></message>
              </reason>
              <test-suite type="TestFixture" id="1014" name="CrudAsyncFixture" fullname="DapperExtensions.Test.IntegrationTests.Sqlite.CrudAsyncFixture" classname="DapperExtensions.Test.IntegrationTests.Sqlite.CrudAsyncFixture" runstate="Runnable" testcasecount="0" result="Passed" start-time="2017-04-01 15:12:13Z" end-time="2017-04-01 15:12:13Z" duration="0.000068" total="0" passed="0" failed="0" inconclusive="0" skipped="0" asserts="0" />
              <test-suite type="TestFixture" id="1163" name="CrudAsyncFixture+CountMethod" fullname="DapperExtensions.Test.IntegrationTests.Sqlite.CrudAsyncFixture+CountMethod" classname="DapperExtensions.Test.IntegrationTests.Sqlite.CrudAsyncFixture+CountMethod" runstate="Runnable" testcasecount="3" result="Passed" start-time="2017-04-01 15:12:13Z" end-time="2017-04-01 15:12:14Z" duration="1.079638" total="3" passed="3" failed="0" inconclusive="0" skipped="0" asserts="3">
                <test-case id="1164" name="UsingNullPredicate_Returns_Count" fullname="DapperExtensions.Test.IntegrationTests.Sqlite.CrudAsyncFixture+CountMethod.UsingNullPredicate_Returns_Count" methodname="UsingNullPredicate_Returns_Count" classname="DapperExtensions.Test.IntegrationTests.Sqlite.CrudAsyncFixture+CountMethod" runstate="Runnable" seed="1467541031" result="Passed" start-time="2017-04-01 15:12:13Z" end-time="2017-04-01 15:12:13Z" duration="0.633249" asserts="1" />
                <test-case id="1166" name="UsingObject_Returns_Count" fullname="DapperExtensions.Test.IntegrationTests.Sqlite.CrudAsyncFixture+CountMethod.UsingObject_Returns_Count" methodname="UsingObject_Returns_Count" classname="DapperExtensions.Test.IntegrationTests.Sqlite.CrudAsyncFixture+CountMethod" runstate="Runnable" seed="1290315880" result="Passed" start-time="2017-04-01 15:12:13Z" end-time="2017-04-01 15:12:14Z" duration="0.200662" asserts="1" />
                <test-case id="1165" name="UsingPredicate_Returns_Count" fullname="DapperExtensions.Test.IntegrationTests.Sqlite.CrudAsyncFixture+CountMethod.UsingPredicate_Returns_Count" methodname="UsingPredicate_Returns_Count" classname="DapperExtensions.Test.IntegrationTests.Sqlite.CrudAsyncFixture+CountMethod" runstate="Runnable" seed="1018024505" result="Passed" start-time="2017-04-01 15:12:14Z" end-time="2017-04-01 15:12:14Z" duration="0.236174" asserts="1" />
              </test-suite>
              <test-suite type="TestFixture" id="1147" name="CrudAsyncFixture+DeleteMethod" fullname="DapperExtensions.Test.IntegrationTests.Sqlite.CrudAsyncFixture+DeleteMethod" classname="DapperExtensions.Test.IntegrationTests.Sqlite.CrudAsyncFixture+DeleteMethod" runstate="Runnable" testcasecount="3" result="Passed" start-time="2017-04-01 15:12:14Z" end-time="2017-04-01 15:12:15Z" duration="1.166642" total="3" passed="3" failed="0" inconclusive="0" skipped="0" asserts="7">
                <test-case id="1148" name="UsingKey_DeletesFromDatabase" fullname="DapperExtensions.Test.IntegrationTests.Sqlite.CrudAsyncFixture+DeleteMethod.UsingKey_DeletesFromDatabase" methodname="UsingKey_DeletesFromDatabase" classname="DapperExtensions.Test.IntegrationTests.Sqlite.CrudAsyncFixture+DeleteMethod" runstate="Runnable" seed="547158667" result="Passed" start-time="2017-04-01 15:12:14Z" end-time="2017-04-01 15:12:14Z" duration="0.269754" asserts="1" />
                <test-case id="1150" name="UsingObject_DeletesRows" fullname="DapperExtensions.Test.IntegrationTests.Sqlite.CrudAsyncFixture+DeleteMethod.UsingObject_DeletesRows" methodname="UsingObject_DeletesRows" classname="DapperExtensions.Test.IntegrationTests.Sqlite.CrudAsyncFixture+DeleteMethod" runstate="Runnable" seed="1202848089" result="Passed" start-time="2017-04-01 15:12:14Z" end-time="2017-04-01 15:12:15Z" duration="0.495516" asserts="3" />
                <test-case id="1149" name="UsingPredicate_DeletesRows" fullname="DapperExtensions.Test.IntegrationTests.Sqlite.CrudAsyncFixture+DeleteMethod.UsingPredicate_DeletesRows" methodname="UsingPredicate_DeletesRows" classname="DapperExtensions.Test.IntegrationTests.Sqlite.CrudAsyncFixture+DeleteMethod" runstate="Runnable" seed="1914350015" result="Passed" start-time="2017-04-01 15:12:15Z" end-time="2017-04-01 15:12:15Z" duration="0.392319" asserts="3" />
              </test-suite>
              <test-suite type="TestFixture" id="1154" name="CrudAsyncFixture+GetListMethod" fullname="DapperExtensions.Test.IntegrationTests.Sqlite.CrudAsyncFixture+GetListMethod" classname="DapperExtensions.Test.IntegrationTests.Sqlite.CrudAsyncFixture+GetListMethod" runstate="Runnable" testcasecount="3" result="Passed" start-time="2017-04-01 15:12:15Z" end-time="2017-04-01 15:12:16Z" duration="1.318560" total="3" passed="3" failed="0" inconclusive="0" skipped="0" asserts="5">
                <test-case id="1155" name="UsingNullPredicate_ReturnsAll" fullname="DapperExtensions.Test.IntegrationTests.Sqlite.CrudAsyncFixture+GetListMethod.UsingNullPredicate_ReturnsAll" methodname="UsingNullPredicate_ReturnsAll" classname="DapperExtensions.Test.IntegrationTests.Sqlite.CrudAsyncFixture+GetListMethod" runstate="Runnable" seed="970887642" result="Passed" start-time="2017-04-01 15:12:15Z" end-time="2017-04-01 15:12:15Z" duration="0.339620" asserts="1" />
                <test-case id="1157" name="UsingObject_ReturnsMatching" fullname="DapperExtensions.Test.IntegrationTests.Sqlite.CrudAsyncFixture+GetListMethod.UsingObject_ReturnsMatching" methodname="UsingObject_ReturnsMatching" classname="DapperExtensions.Test.IntegrationTests.Sqlite.CrudAsyncFixture+GetListMethod" runstate="Runnable" seed="1747715107" result="Passed" start-time="2017-04-01 15:12:15Z" end-time="2017-04-01 15:12:16Z" duration="0.497026" asserts="2" />
                <test-case id="1156" name="UsingPredicate_ReturnsMatching" fullname="DapperExtensions.Test.IntegrationTests.Sqlite.CrudAsyncFixture+GetListMethod.UsingPredicate_ReturnsMatching" methodname="UsingPredicate_ReturnsMatching" classname="DapperExtensions.Test.IntegrationTests.Sqlite.CrudAsyncFixture+GetListMethod" runstate="Runnable" seed="155437119" result="Passed" start-time="2017-04-01 15:12:16Z" end-time="2017-04-01 15:12:16Z" duration="0.470579" asserts="2" />
              </test-suite>
              <test-suite type="TestFixture" id="1145" name="CrudAsyncFixture+GetMethod" fullname="DapperExtensions.Test.IntegrationTests.Sqlite.CrudAsyncFixture+GetMethod" classname="DapperExtensions.Test.IntegrationTests.Sqlite.CrudAsyncFixture+GetMethod" runstate="Runnable" testcasecount="1" result="Passed" start-time="2017-04-01 15:12:16Z" end-time="2017-04-01 15:12:17Z" duration="0.213660" total="1" passed="1" failed="0" inconclusive="0" skipped="0" asserts="3">
                <test-case id="1146" name="UsingKey_ReturnsEntity" fullname="DapperExtensions.Test.IntegrationTests.Sqlite.CrudAsyncFixture+GetMethod.UsingKey_ReturnsEntity" methodname="UsingKey_ReturnsEntity" classname="DapperExtensions.Test.IntegrationTests.Sqlite.CrudAsyncFixture+GetMethod" runstate="Runnable" seed="1811877782" result="Passed" start-time="2017-04-01 15:12:16Z" end-time="2017-04-01 15:12:17Z" duration="0.210844" asserts="3" />
              </test-suite>
              <test-suite type="TestFixture" id="1167" name="CrudAsyncFixture+GetMultipleMethod" fullname="DapperExtensions.Test.IntegrationTests.Sqlite.CrudAsyncFixture+GetMultipleMethod" classname="DapperExtensions.Test.IntegrationTests.Sqlite.CrudAsyncFixture+GetMultipleMethod" runstate="Runnable" testcasecount="1" result="Passed" start-time="2017-04-01 15:12:17Z" end-time="2017-04-01 15:12:17Z" duration="0.744080" total="1" passed="1" failed="0" inconclusive="0" skipped="0" asserts="3">
                <test-case id="1168" name="ReturnsItems" fullname="DapperExtensions.Test.IntegrationTests.Sqlite.CrudAsyncFixture+GetMultipleMethod.ReturnsItems" methodname="ReturnsItems" classname="DapperExtensions.Test.IntegrationTests.Sqlite.CrudAsyncFixture+GetMultipleMethod" runstate="Runnable" seed="1752194019" result="Passed" start-time="2017-04-01 15:12:17Z" end-time="2017-04-01 15:12:17Z" duration="0.740348" asserts="3" />
              </test-suite>
              <test-suite type="TestFixture" id="1158" name="CrudAsyncFixture+GetPageMethod" fullname="DapperExtensions.Test.IntegrationTests.Sqlite.CrudAsyncFixture+GetPageMethod" classname="DapperExtensions.Test.IntegrationTests.Sqlite.CrudAsyncFixture+GetPageMethod" runstate="Runnable" testcasecount="4" result="Passed" start-time="2017-04-01 15:12:17Z" end-time="2017-04-01 15:12:19Z" duration="1.665889" total="4" passed="4" failed="0" inconclusive="0" skipped="0" asserts="10">
                <test-case id="1161" name="NotFirstPage_Returns_NextResults" fullname="DapperExtensions.Test.IntegrationTests.Sqlite.CrudAsyncFixture+GetPageMethod.NotFirstPage_Returns_NextResults" methodname="NotFirstPage_Returns_NextResults" classname="DapperExtensions.Test.IntegrationTests.Sqlite.CrudAsyncFixture+GetPageMethod" runstate="Runnable" seed="1580153207" result="Passed" start-time="2017-04-01 15:12:17Z" end-time="2017-04-01 15:12:18Z" duration="0.430601" asserts="3" />
                <test-case id="1159" name="UsingNullPredicate_ReturnsMatching" fullname="DapperExtensions.Test.IntegrationTests.Sqlite.CrudAsyncFixture+GetPageMethod.UsingNullPredicate_ReturnsMatching" methodname="UsingNullPredicate_ReturnsMatching" classname="DapperExtensions.Test.IntegrationTests.Sqlite.CrudAsyncFixture+GetPageMethod" runstate="Runnable" seed="509582694" result="Passed" start-time="2017-04-01 15:12:18Z" end-time="2017-04-01 15:12:18Z" duration="0.340734" asserts="3" />
                <test-case id="1162" name="UsingObject_ReturnsMatching" fullname="DapperExtensions.Test.IntegrationTests.Sqlite.CrudAsyncFixture+GetPageMethod.UsingObject_ReturnsMatching" methodname="UsingObject_ReturnsMatching" classname="DapperExtensions.Test.IntegrationTests.Sqlite.CrudAsyncFixture+GetPageMethod" runstate="Runnable" seed="1316424897" result="Passed" start-time="2017-04-01 15:12:18Z" end-time="2017-04-01 15:12:19Z" duration="0.514439" asserts="2" />
                <test-case id="1160" name="UsingPredicate_ReturnsMatching" fullname="DapperExtensions.Test.IntegrationTests.Sqlite.CrudAsyncFixture+GetPageMethod.UsingPredicate_ReturnsMatching" methodname="UsingPredicate_ReturnsMatching" classname="DapperExtensions.Test.IntegrationTests.Sqlite.CrudAsyncFixture+GetPageMethod" runstate="Runnable" seed="1762671419" result="Passed" start-time="2017-04-01 15:12:19Z" end-time="2017-04-01 15:12:19Z" duration="0.366303" asserts="2" />
              </test-suite>
              <test-suite type="TestFixture" id="1141" name="CrudAsyncFixture+InsertMethod" fullname="DapperExtensions.Test.IntegrationTests.Sqlite.CrudAsyncFixture+InsertMethod" classname="DapperExtensions.Test.IntegrationTests.Sqlite.CrudAsyncFixture+InsertMethod" runstate="Runnable" testcasecount="3" result="Passed" start-time="2017-04-01 15:12:19Z" end-time="2017-04-01 15:12:20Z" duration="1.101218" total="3" passed="3" failed="0" inconclusive="0" skipped="0" asserts="7">
                <test-case id="1143" name="AddsEntityToDatabase_ReturnsGeneratedPrimaryKey" fullname="DapperExtensions.Test.IntegrationTests.Sqlite.CrudAsyncFixture+InsertMethod.AddsEntityToDatabase_ReturnsGeneratedPrimaryKey" methodname="AddsEntityToDatabase_ReturnsGeneratedPrimaryKey" classname="DapperExtensions.Test.IntegrationTests.Sqlite.CrudAsyncFixture+InsertMethod" runstate="Runnable" seed="367138704" result="Passed" start-time="2017-04-01 15:12:19Z" end-time="2017-04-01 15:12:19Z" duration="0.377855" asserts="4" />
                <test-case id="1142" name="AddsEntityToDatabase_ReturnsKey" fullname="DapperExtensions.Test.IntegrationTests.Sqlite.CrudAsyncFixture+InsertMethod.AddsEntityToDatabase_ReturnsKey" methodname="AddsEntityToDatabase_ReturnsKey" classname="DapperExtensions.Test.IntegrationTests.Sqlite.CrudAsyncFixture+InsertMethod" runstate="Runnable" seed="2025936775" result="Passed" start-time="2017-04-01 15:12:19Z" end-time="2017-04-01 15:12:20Z" duration="0.390243" asserts="2" />
                <test-case id="1144" name="AddsMultipleEntitiesToDatabase" fullname="DapperExtensions.Test.IntegrationTests.Sqlite.CrudAsyncFixture+InsertMethod.AddsMultipleEntitiesToDatabase" methodname="AddsMultipleEntitiesToDatabase" classname="DapperExtensions.Test.IntegrationTests.Sqlite.CrudAsyncFixture+InsertMethod" runstate="Runnable" seed="725523461" result="Passed" start-time="2017-04-01 15:12:20Z" end-time="2017-04-01 15:12:20Z" duration="0.324093" asserts="1" />
              </test-suite>
              <test-suite type="TestFixture" id="1151" name="CrudAsyncFixture+UpdateMethod" fullname="DapperExtensions.Test.IntegrationTests.Sqlite.CrudAsyncFixture+UpdateMethod" classname="DapperExtensions.Test.IntegrationTests.Sqlite.CrudAsyncFixture+UpdateMethod" runstate="Runnable" testcasecount="2" result="Skipped" label="Ignored" start-time="2017-04-01 15:12:20Z" end-time="2017-04-01 15:12:21Z" duration="0.400861" total="2" passed="1" failed="0" inconclusive="0" skipped="1" asserts="3">
                <reason>
                  <message><![CDATA[One or more child tests were ignored]]></message>
                </reason>
                <test-case id="1153" name="UsingCompositeKey_UpdatesEntity" fullname="DapperExtensions.Test.IntegrationTests.Sqlite.CrudAsyncFixture+UpdateMethod.UsingCompositeKey_UpdatesEntity" methodname="UsingCompositeKey_UpdatesEntity" classname="DapperExtensions.Test.IntegrationTests.Sqlite.CrudAsyncFixture+UpdateMethod" runstate="Ignored" seed="544981560" result="Skipped" label="Ignored" start-time="2017-04-01 15:12:20Z" end-time="2017-04-01 15:12:20Z" duration="0.005170" asserts="0">
                  <properties>
                    <property name="_SKIPREASON" value="SQLLite doesnt support a composite key with both an IDENTITY column and a user-generated value." />
                  </properties>
                  <reason>
                    <message><![CDATA[SQLLite doesnt support a composite key with both an IDENTITY column and a user-generated value.]]></message>
                  </reason>
                </test-case>
                <test-case id="1152" name="UsingKey_UpdatesEntity" fullname="DapperExtensions.Test.IntegrationTests.Sqlite.CrudAsyncFixture+UpdateMethod.UsingKey_UpdatesEntity" methodname="UsingKey_UpdatesEntity" classname="DapperExtensions.Test.IntegrationTests.Sqlite.CrudAsyncFixture+UpdateMethod" runstate="Runnable" seed="1663254786" result="Passed" start-time="2017-04-01 15:12:20Z" end-time="2017-04-01 15:12:21Z" duration="0.388687" asserts="3" />
              </test-suite>
              <test-suite type="TestFixture" id="1015" name="CrudFixture" fullname="DapperExtensions.Test.IntegrationTests.Sqlite.CrudFixture" classname="DapperExtensions.Test.IntegrationTests.Sqlite.CrudFixture" runstate="Runnable" testcasecount="0" result="Passed" start-time="2017-04-01 15:12:21Z" end-time="2017-04-01 15:12:21Z" duration="0.000146" total="0" passed="0" failed="0" inconclusive="0" skipped="0" asserts="0" />
              <test-suite type="TestFixture" id="1191" name="CrudFixture+CountMethod" fullname="DapperExtensions.Test.IntegrationTests.Sqlite.CrudFixture+CountMethod" classname="DapperExtensions.Test.IntegrationTests.Sqlite.CrudFixture+CountMethod" runstate="Runnable" testcasecount="3" result="Passed" start-time="2017-04-01 15:12:21Z" end-time="2017-04-01 15:12:22Z" duration="1.284193" total="3" passed="3" failed="0" inconclusive="0" skipped="0" asserts="3">
                <test-case id="1192" name="UsingNullPredicate_Returns_Count" fullname="DapperExtensions.Test.IntegrationTests.Sqlite.CrudFixture+CountMethod.UsingNullPredicate_Returns_Count" methodname="UsingNullPredicate_Returns_Count" classname="DapperExtensions.Test.IntegrationTests.Sqlite.CrudFixture+CountMethod" runstate="Runnable" seed="1695591854" result="Passed" start-time="2017-04-01 15:12:21Z" end-time="2017-04-01 15:12:21Z" duration="0.566640" asserts="1" />
                <test-case id="1194" name="UsingObject_Returns_Count" fullname="DapperExtensions.Test.IntegrationTests.Sqlite.CrudFixture+CountMethod.UsingObject_Returns_Count" methodname="UsingObject_Returns_Count" classname="DapperExtensions.Test.IntegrationTests.Sqlite.CrudFixture+CountMethod" runstate="Runnable" seed="578015762" result="Passed" start-time="2017-04-01 15:12:21Z" end-time="2017-04-01 15:12:22Z" duration="0.411274" asserts="1" />
                <test-case id="1193" name="UsingPredicate_Returns_Count" fullname="DapperExtensions.Test.IntegrationTests.Sqlite.CrudFixture+CountMethod.UsingPredicate_Returns_Count" methodname="UsingPredicate_Returns_Count" classname="DapperExtensions.Test.IntegrationTests.Sqlite.CrudFixture+CountMethod" runstate="Runnable" seed="738817574" result="Passed" start-time="2017-04-01 15:12:22Z" end-time="2017-04-01 15:12:22Z" duration="0.296873" asserts="1" />
              </test-suite>
              <test-suite type="TestFixture" id="1175" name="CrudFixture+DeleteMethod" fullname="DapperExtensions.Test.IntegrationTests.Sqlite.CrudFixture+DeleteMethod" classname="DapperExtensions.Test.IntegrationTests.Sqlite.CrudFixture+DeleteMethod" runstate="Runnable" testcasecount="3" result="Passed" start-time="2017-04-01 15:12:22Z" end-time="2017-04-01 15:12:23Z" duration="1.128585" total="3" passed="3" failed="0" inconclusive="0" skipped="0" asserts="7">
                <test-case id="1176" name="UsingKey_DeletesFromDatabase" fullname="DapperExtensions.Test.IntegrationTests.Sqlite.CrudFixture+DeleteMethod.UsingKey_DeletesFromDatabase" methodname="UsingKey_DeletesFromDatabase" classname="DapperExtensions.Test.IntegrationTests.Sqlite.CrudFixture+DeleteMethod" runstate="Runnable" seed="497430874" result="Passed" start-time="2017-04-01 15:12:22Z" end-time="2017-04-01 15:12:22Z" duration="0.350929" asserts="1" />
                <test-case id="1178" name="UsingObject_DeletesRows" fullname="DapperExtensions.Test.IntegrationTests.Sqlite.CrudFixture+DeleteMethod.UsingObject_DeletesRows" methodname="UsingObject_DeletesRows" classname="DapperExtensions.Test.IntegrationTests.Sqlite.CrudFixture+DeleteMethod" runstate="Runnable" seed="1742570073" result="Passed" start-time="2017-04-01 15:12:22Z" end-time="2017-04-01 15:12:23Z" duration="0.387771" asserts="3" />
                <test-case id="1177" name="UsingPredicate_DeletesRows" fullname="DapperExtensions.Test.IntegrationTests.Sqlite.CrudFixture+DeleteMethod.UsingPredicate_DeletesRows" methodname="UsingPredicate_DeletesRows" classname="DapperExtensions.Test.IntegrationTests.Sqlite.CrudFixture+DeleteMethod" runstate="Runnable" seed="1499099887" result="Passed" start-time="2017-04-01 15:12:23Z" end-time="2017-04-01 15:12:23Z" duration="0.381225" asserts="3" />
              </test-suite>
              <test-suite type="TestFixture" id="1182" name="CrudFixture+GetListMethod" fullname="DapperExtensions.Test.IntegrationTests.Sqlite.CrudFixture+GetListMethod" classname="DapperExtensions.Test.IntegrationTests.Sqlite.CrudFixture+GetListMethod" runstate="Runnable" testcasecount="3" result="Passed" start-time="2017-04-01 15:12:23Z" end-time="2017-04-01 15:12:24Z" duration="1.140782" total="3" passed="3" failed="0" inconclusive="0" skipped="0" asserts="5">
                <test-case id="1183" name="UsingNullPredicate_ReturnsAll" fullname="DapperExtensions.Test.IntegrationTests.Sqlite.CrudFixture+GetListMethod.UsingNullPredicate_ReturnsAll" methodname="UsingNullPredicate_ReturnsAll" classname="DapperExtensions.Test.IntegrationTests.Sqlite.CrudFixture+GetListMethod" runstate="Runnable" seed="1425096797" result="Passed" start-time="2017-04-01 15:12:23Z" end-time="2017-04-01 15:12:23Z" duration="0.366999" asserts="1" />
                <test-case id="1185" name="UsingObject_ReturnsMatching" fullname="DapperExtensions.Test.IntegrationTests.Sqlite.CrudFixture+GetListMethod.UsingObject_ReturnsMatching" methodname="UsingObject_ReturnsMatching" classname="DapperExtensions.Test.IntegrationTests.Sqlite.CrudFixture+GetListMethod" runstate="Runnable" seed="389495671" result="Passed" start-time="2017-04-01 15:12:23Z" end-time="2017-04-01 15:12:24Z" duration="0.473287" asserts="2" />
                <test-case id="1184" name="UsingPredicate_ReturnsMatching" fullname="DapperExtensions.Test.IntegrationTests.Sqlite.CrudFixture+GetListMethod.UsingPredicate_ReturnsMatching" methodname="UsingPredicate_ReturnsMatching" classname="DapperExtensions.Test.IntegrationTests.Sqlite.CrudFixture+GetListMethod" runstate="Runnable" seed="611178306" result="Passed" start-time="2017-04-01 15:12:24Z" end-time="2017-04-01 15:12:24Z" duration="0.292048" asserts="2" />
              </test-suite>
              <test-suite type="TestFixture" id="1173" name="CrudFixture+GetMethod" fullname="DapperExtensions.Test.IntegrationTests.Sqlite.CrudFixture+GetMethod" classname="DapperExtensions.Test.IntegrationTests.Sqlite.CrudFixture+GetMethod" runstate="Runnable" testcasecount="1" result="Passed" start-time="2017-04-01 15:12:24Z" end-time="2017-04-01 15:12:24Z" duration="0.210155" total="1" passed="1" failed="0" inconclusive="0" skipped="0" asserts="3">
                <test-case id="1174" name="UsingKey_ReturnsEntity" fullname="DapperExtensions.Test.IntegrationTests.Sqlite.CrudFixture+GetMethod.UsingKey_ReturnsEntity" methodname="UsingKey_ReturnsEntity" classname="DapperExtensions.Test.IntegrationTests.Sqlite.CrudFixture+GetMethod" runstate="Runnable" seed="778506249" result="Passed" start-time="2017-04-01 15:12:24Z" end-time="2017-04-01 15:12:24Z" duration="0.206915" asserts="3" />
              </test-suite>
              <test-suite type="TestFixture" id="1195" name="CrudFixture+GetMultipleMethod" fullname="DapperExtensions.Test.IntegrationTests.Sqlite.CrudFixture+GetMultipleMethod" classname="DapperExtensions.Test.IntegrationTests.Sqlite.CrudFixture+GetMultipleMethod" runstate="Runnable" testcasecount="1" result="Passed" start-time="2017-04-01 15:12:24Z" end-time="2017-04-01 15:12:25Z" duration="0.351295" total="1" passed="1" failed="0" inconclusive="0" skipped="0" asserts="3">
                <test-case id="1196" name="ReturnsItems" fullname="DapperExtensions.Test.IntegrationTests.Sqlite.CrudFixture+GetMultipleMethod.ReturnsItems" methodname="ReturnsItems" classname="DapperExtensions.Test.IntegrationTests.Sqlite.CrudFixture+GetMultipleMethod" runstate="Runnable" seed="602515065" result="Passed" start-time="2017-04-01 15:12:24Z" end-time="2017-04-01 15:12:25Z" duration="0.348077" asserts="3" />
              </test-suite>
              <test-suite type="TestFixture" id="1186" name="CrudFixture+GetPageMethod" fullname="DapperExtensions.Test.IntegrationTests.Sqlite.CrudFixture+GetPageMethod" classname="DapperExtensions.Test.IntegrationTests.Sqlite.CrudFixture+GetPageMethod" runstate="Runnable" testcasecount="4" result="Passed" start-time="2017-04-01 15:12:25Z" end-time="2017-04-01 15:12:27Z" duration="2.268204" total="4" passed="4" failed="0" inconclusive="0" skipped="0" asserts="10">
                <test-case id="1189" name="NotFirstPage_Returns_NextResults" fullname="DapperExtensions.Test.IntegrationTests.Sqlite.CrudFixture+GetPageMethod.NotFirstPage_Returns_NextResults" methodname="NotFirstPage_Returns_NextResults" classname="DapperExtensions.Test.IntegrationTests.Sqlite.CrudFixture+GetPageMethod" runstate="Runnable" seed="548792749" result="Passed" start-time="2017-04-01 15:12:25Z" end-time="2017-04-01 15:12:25Z" duration="0.415265" asserts="3" />
                <test-case id="1187" name="UsingNullPredicate_ReturnsMatching" fullname="DapperExtensions.Test.IntegrationTests.Sqlite.CrudFixture+GetPageMethod.UsingNullPredicate_ReturnsMatching" methodname="UsingNullPredicate_ReturnsMatching" classname="DapperExtensions.Test.IntegrationTests.Sqlite.CrudFixture+GetPageMethod" runstate="Runnable" seed="58116420" result="Passed" start-time="2017-04-01 15:12:25Z" end-time="2017-04-01 15:12:25Z" duration="0.397555" asserts="3" />
                <test-case id="1190" name="UsingObject_ReturnsMatching" fullname="DapperExtensions.Test.IntegrationTests.Sqlite.CrudFixture+GetPageMethod.UsingObject_ReturnsMatching" methodname="UsingObject_ReturnsMatching" classname="DapperExtensions.Test.IntegrationTests.Sqlite.CrudFixture+GetPageMethod" runstate="Runnable" seed="456872365" result="Passed" start-time="2017-04-01 15:12:25Z" end-time="2017-04-01 15:12:26Z" duration="0.871377" asserts="2" />
                <test-case id="1188" name="UsingPredicate_ReturnsMatching" fullname="DapperExtensions.Test.IntegrationTests.Sqlite.CrudFixture+GetPageMethod.UsingPredicate_ReturnsMatching" methodname="UsingPredicate_ReturnsMatching" classname="DapperExtensions.Test.IntegrationTests.Sqlite.CrudFixture+GetPageMethod" runstate="Runnable" seed="1591311856" result="Passed" start-time="2017-04-01 15:12:26Z" end-time="2017-04-01 15:12:27Z" duration="0.570439" asserts="2" />
              </test-suite>
              <test-suite type="TestFixture" id="1169" name="CrudFixture+InsertMethod" fullname="DapperExtensions.Test.IntegrationTests.Sqlite.CrudFixture+InsertMethod" classname="DapperExtensions.Test.IntegrationTests.Sqlite.CrudFixture+InsertMethod" runstate="Runnable" testcasecount="3" result="Passed" start-time="2017-04-01 15:12:27Z" end-time="2017-04-01 15:12:28Z" duration="0.918692" total="3" passed="3" failed="0" inconclusive="0" skipped="0" asserts="5">
                <test-case id="1171" name="AddsEntityToDatabase_ReturnsGeneratedPrimaryKey" fullname="DapperExtensions.Test.IntegrationTests.Sqlite.CrudFixture+InsertMethod.AddsEntityToDatabase_ReturnsGeneratedPrimaryKey" methodname="AddsEntityToDatabase_ReturnsGeneratedPrimaryKey" classname="DapperExtensions.Test.IntegrationTests.Sqlite.CrudFixture+InsertMethod" runstate="Runnable" seed="514728899" result="Passed" start-time="2017-04-01 15:12:27Z" end-time="2017-04-01 15:12:27Z" duration="0.225509" asserts="2" />
                <test-case id="1170" name="AddsEntityToDatabase_ReturnsKey" fullname="DapperExtensions.Test.IntegrationTests.Sqlite.CrudFixture+InsertMethod.AddsEntityToDatabase_ReturnsKey" methodname="AddsEntityToDatabase_ReturnsKey" classname="DapperExtensions.Test.IntegrationTests.Sqlite.CrudFixture+InsertMethod" runstate="Runnable" seed="236113763" result="Passed" start-time="2017-04-01 15:12:27Z" end-time="2017-04-01 15:12:28Z" duration="0.392269" asserts="2" />
                <test-case id="1172" name="AddsMultipleEntitiesToDatabase" fullname="DapperExtensions.Test.IntegrationTests.Sqlite.CrudFixture+InsertMethod.AddsMultipleEntitiesToDatabase" methodname="AddsMultipleEntitiesToDatabase" classname="DapperExtensions.Test.IntegrationTests.Sqlite.CrudFixture+InsertMethod" runstate="Runnable" seed="208579421" result="Passed" start-time="2017-04-01 15:12:28Z" end-time="2017-04-01 15:12:28Z" duration="0.290493" asserts="1" />
              </test-suite>
              <test-suite type="TestFixture" id="1179" name="CrudFixture+UpdateMethod" fullname="DapperExtensions.Test.IntegrationTests.Sqlite.CrudFixture+UpdateMethod" classname="DapperExtensions.Test.IntegrationTests.Sqlite.CrudFixture+UpdateMethod" runstate="Runnable" testcasecount="2" result="Passed" start-time="2017-04-01 15:12:28Z" end-time="2017-04-01 15:12:28Z" duration="0.649493" total="2" passed="2" failed="0" inconclusive="0" skipped="0" asserts="7">
                <test-case id="1181" name="UsingCompositeKey_UpdatesEntity" fullname="DapperExtensions.Test.IntegrationTests.Sqlite.CrudFixture+UpdateMethod.UsingCompositeKey_UpdatesEntity" methodname="UsingCompositeKey_UpdatesEntity" classname="DapperExtensions.Test.IntegrationTests.Sqlite.CrudFixture+UpdateMethod" runstate="Runnable" seed="622670090" result="Passed" start-time="2017-04-01 15:12:28Z" end-time="2017-04-01 15:12:28Z" duration="0.302909" asserts="4" />
                <test-case id="1180" name="UsingKey_UpdatesEntity" fullname="DapperExtensions.Test.IntegrationTests.Sqlite.CrudFixture+UpdateMethod.UsingKey_UpdatesEntity" methodname="UsingKey_UpdatesEntity" classname="DapperExtensions.Test.IntegrationTests.Sqlite.CrudFixture+UpdateMethod" runstate="Runnable" seed="921681279" result="Passed" start-time="2017-04-01 15:12:28Z" end-time="2017-04-01 15:12:28Z" duration="0.340356" asserts="3" />
              </test-suite>
              <test-suite type="TestFixture" id="1016" name="InsertNullableValuesFixture" fullname="DapperExtensions.Test.IntegrationTests.Sqlite.InsertNullableValuesFixture" classname="DapperExtensions.Test.IntegrationTests.Sqlite.InsertNullableValuesFixture" runstate="Runnable" testcasecount="1" result="Passed" start-time="2017-04-01 15:12:29Z" end-time="2017-04-01 15:12:29Z" duration="0.247586" total="1" passed="1" failed="0" inconclusive="0" skipped="0" asserts="9">
                <test-case id="1017" name="InsertSkipsNullableFieldsTest" fullname="DapperExtensions.Test.IntegrationTests.Sqlite.InsertNullableValuesFixture.InsertSkipsNullableFieldsTest" methodname="InsertSkipsNullableFieldsTest" classname="DapperExtensions.Test.IntegrationTests.Sqlite.InsertNullableValuesFixture" runstate="Runnable" seed="2059729789" result="Passed" start-time="2017-04-01 15:12:29Z" end-time="2017-04-01 15:12:29Z" duration="0.243928" asserts="9" />
              </test-suite>
              <test-suite type="TestFixture" id="1018" name="SelectTableAsyncTests" fullname="DapperExtensions.Test.IntegrationTests.Sqlite.SelectTableAsyncTests" classname="DapperExtensions.Test.IntegrationTests.Sqlite.SelectTableAsyncTests" runstate="Runnable" testcasecount="2" result="Passed" start-time="2017-04-01 15:12:29Z" end-time="2017-04-01 15:12:30Z" duration="0.913986" total="2" passed="2" failed="0" inconclusive="0" skipped="0" asserts="8">
                <test-case id="1019" name="SelectTableBasicTest" fullname="DapperExtensions.Test.IntegrationTests.Sqlite.SelectTableAsyncTests.SelectTableBasicTest" methodname="SelectTableBasicTest" classname="DapperExtensions.Test.IntegrationTests.Sqlite.SelectTableAsyncTests" runstate="Runnable" seed="1501999576" result="Passed" start-time="2017-04-01 15:12:29Z" end-time="2017-04-01 15:12:29Z" duration="0.389866" asserts="5" />
                <test-case id="1020" name="SelectTableWithPredicateTest" fullname="DapperExtensions.Test.IntegrationTests.Sqlite.SelectTableAsyncTests.SelectTableWithPredicateTest" methodname="SelectTableWithPredicateTest" classname="DapperExtensions.Test.IntegrationTests.Sqlite.SelectTableAsyncTests" runstate="Runnable" seed="586156229" result="Passed" start-time="2017-04-01 15:12:29Z" end-time="2017-04-01 15:12:30Z" duration="0.516688" asserts="3" />
              </test-suite>
              <test-suite type="TestFixture" id="1021" name="SelectTableTests" fullname="DapperExtensions.Test.IntegrationTests.Sqlite.SelectTableTests" classname="DapperExtensions.Test.IntegrationTests.Sqlite.SelectTableTests" runstate="Runnable" testcasecount="2" result="Passed" start-time="2017-04-01 15:12:30Z" end-time="2017-04-01 15:12:31Z" duration="1.014141" total="2" passed="2" failed="0" inconclusive="0" skipped="0" asserts="8">
                <test-case id="1022" name="SelectTableBasicTest" fullname="DapperExtensions.Test.IntegrationTests.Sqlite.SelectTableTests.SelectTableBasicTest" methodname="SelectTableBasicTest" classname="DapperExtensions.Test.IntegrationTests.Sqlite.SelectTableTests" runstate="Runnable" seed="152170551" result="Passed" start-time="2017-04-01 15:12:30Z" end-time="2017-04-01 15:12:30Z" duration="0.582401" asserts="5" />
                <test-case id="1023" name="SelectTableWithPredicateTest" fullname="DapperExtensions.Test.IntegrationTests.Sqlite.SelectTableTests.SelectTableWithPredicateTest" methodname="SelectTableWithPredicateTest" classname="DapperExtensions.Test.IntegrationTests.Sqlite.SelectTableTests" runstate="Runnable" seed="1658127403" result="Passed" start-time="2017-04-01 15:12:30Z" end-time="2017-04-01 15:12:31Z" duration="0.424270" asserts="3" />
              </test-suite>
              <test-suite type="TestFixture" id="1024" name="TimerFixture" fullname="DapperExtensions.Test.IntegrationTests.Sqlite.TimerFixture" classname="DapperExtensions.Test.IntegrationTests.Sqlite.TimerFixture" runstate="Runnable" testcasecount="0" result="Passed" start-time="2017-04-01 15:12:31Z" end-time="2017-04-01 15:12:31Z" duration="0.000129" total="0" passed="0" failed="0" inconclusive="0" skipped="0" asserts="0" />
              <test-suite type="TestFixture" id="1197" name="TimerFixture+InsertTimes" fullname="DapperExtensions.Test.IntegrationTests.Sqlite.TimerFixture+InsertTimes" classname="DapperExtensions.Test.IntegrationTests.Sqlite.TimerFixture+InsertTimes" runstate="Runnable" testcasecount="6" result="Passed" start-time="2017-04-01 15:12:31Z" end-time="2017-04-01 15:12:34Z" duration="3.681544" total="6" passed="6" failed="0" inconclusive="0" skipped="0" asserts="0">
                <test-case id="1202" name="AssignKey_UsingEntity" fullname="DapperExtensions.Test.IntegrationTests.Sqlite.TimerFixture+InsertTimes.AssignKey_UsingEntity" methodname="AssignKey_UsingEntity" classname="DapperExtensions.Test.IntegrationTests.Sqlite.TimerFixture+InsertTimes" runstate="Runnable" seed="249412086" result="Passed" start-time="2017-04-01 15:12:31Z" end-time="2017-04-01 15:12:31Z" duration="0.499127" asserts="0">
                  <output><![CDATA[SQLLite assign key Total Time:264.8857
SQLLite assign key Average Time:26.48857
]]></output>
                </test-case>
                <test-case id="1203" name="AssignKey_UsingReturnValue" fullname="DapperExtensions.Test.IntegrationTests.Sqlite.TimerFixture+InsertTimes.AssignKey_UsingReturnValue" methodname="AssignKey_UsingReturnValue" classname="DapperExtensions.Test.IntegrationTests.Sqlite.TimerFixture+InsertTimes" runstate="Runnable" seed="527527306" result="Passed" start-time="2017-04-01 15:12:31Z" end-time="2017-04-01 15:12:32Z" duration="0.597223" asserts="0">
                  <output><![CDATA[SQLLite assign key2 Total Time:319.0055
SQLLite assign key2 Average Time:31.90055
]]></output>
                </test-case>
                <test-case id="1200" name="GuidKey_UsingEntity" fullname="DapperExtensions.Test.IntegrationTests.Sqlite.TimerFixture+InsertTimes.GuidKey_UsingEntity" methodname="GuidKey_UsingEntity" classname="DapperExtensions.Test.IntegrationTests.Sqlite.TimerFixture+InsertTimes" runstate="Runnable" seed="288415947" result="Passed" start-time="2017-04-01 15:12:32Z" end-time="2017-04-01 15:12:33Z" duration="0.713678" asserts="0">
                  <output><![CDATA[SQLLite GUID insert Total Time:337.7617
SQLLite GUID insert Average Time:33.77617
]]></output>
                </test-case>
                <test-case id="1201" name="GuidKey_UsingReturnValue" fullname="DapperExtensions.Test.IntegrationTests.Sqlite.TimerFixture+InsertTimes.GuidKey_UsingReturnValue" methodname="GuidKey_UsingReturnValue" classname="DapperExtensions.Test.IntegrationTests.Sqlite.TimerFixture+InsertTimes" runstate="Runnable" seed="1713901487" result="Passed" start-time="2017-04-01 15:12:33Z" end-time="2017-04-01 15:12:33Z" duration="0.421138" asserts="0">
                  <output><![CDATA[SQLLite GUID get Total Time:267.5862
SQLLite GUID get Average Time:26.75862
]]></output>
                </test-case>
                <test-case id="1198" name="IdentityKey_UsingEntity" fullname="DapperExtensions.Test.IntegrationTests.Sqlite.TimerFixture+InsertTimes.IdentityKey_UsingEntity" methodname="IdentityKey_UsingEntity" classname="DapperExtensions.Test.IntegrationTests.Sqlite.TimerFixture+InsertTimes" runstate="Runnable" seed="1619803520" result="Passed" start-time="2017-04-01 15:12:33Z" end-time="2017-04-01 15:12:34Z" duration="0.594790" asserts="0">
                  <output><![CDATA[SQLLite  insert+identity Total Time:294.9234
SQLLite insert+identity insert SQLLite Average Time:29.49234
]]></output>
                </test-case>
                <test-case id="1199" name="IdentityKey_UsingReturnValue" fullname="DapperExtensions.Test.IntegrationTests.Sqlite.TimerFixture+InsertTimes.IdentityKey_UsingReturnValue" methodname="IdentityKey_UsingReturnValue" classname="DapperExtensions.Test.IntegrationTests.Sqlite.TimerFixture+InsertTimes" runstate="Runnable" seed="1410728771" result="Passed" start-time="2017-04-01 15:12:34Z" end-time="2017-04-01 15:12:34Z" duration="0.836436" asserts="0">
                  <output><![CDATA[SQLLite Identity insert2 Total Time:544.6476
SQLLite Identity insert2 Average Time:54.46476
]]></output>
                </test-case>
              </test-suite>
            </test-suite>
            <test-suite type="TestSuite" id="1280" name="SqlServer" fullname="DapperExtensions.Test.IntegrationTests.SqlServer" runstate="Runnable" testcasecount="55" result="Passed" start-time="2017-04-01 15:12:13Z" end-time="2017-04-01 15:12:35Z" duration="22.127222" total="55" passed="0" failed="0" inconclusive="55" skipped="0" asserts="0">
              <test-suite type="TestFixture" id="1025" name="CrudAsyncFixture" fullname="DapperExtensions.Test.IntegrationTests.SqlServer.CrudAsyncFixture" classname="DapperExtensions.Test.IntegrationTests.SqlServer.CrudAsyncFixture" runstate="Runnable" testcasecount="0" result="Passed" start-time="2017-04-01 15:12:34Z" end-time="2017-04-01 15:12:34Z" duration="0.000127" total="0" passed="0" failed="0" inconclusive="0" skipped="0" asserts="0" />
              <test-suite type="TestFixture" id="1229" name="CrudAsyncFixture+CountMethod" fullname="DapperExtensions.Test.IntegrationTests.SqlServer.CrudAsyncFixture+CountMethod" classname="DapperExtensions.Test.IntegrationTests.SqlServer.CrudAsyncFixture+CountMethod" runstate="Runnable" testcasecount="3" result="Passed" start-time="2017-04-01 15:12:34Z" end-time="2017-04-01 15:12:34Z" duration="0.110024" total="3" passed="0" failed="0" inconclusive="3" skipped="0" asserts="0">
                <test-case id="1230" name="UsingNullPredicate_Returns_Count" fullname="DapperExtensions.Test.IntegrationTests.SqlServer.CrudAsyncFixture+CountMethod.UsingNullPredicate_Returns_Count" methodname="UsingNullPredicate_Returns_Count" classname="DapperExtensions.Test.IntegrationTests.SqlServer.CrudAsyncFixture+CountMethod" runstate="Runnable" seed="211974989" result="Inconclusive" start-time="2017-04-01 15:12:34Z" end-time="2017-04-01 15:12:34Z" duration="0.096112" asserts="0">
                  <reason>
                    <message><![CDATA[There is no SQL server connection string in appsettings.json for this test project.]]></message>
                  </reason>
                </test-case>
                <test-case id="1232" name="UsingObject_Returns_Count" fullname="DapperExtensions.Test.IntegrationTests.SqlServer.CrudAsyncFixture+CountMethod.UsingObject_Returns_Count" methodname="UsingObject_Returns_Count" classname="DapperExtensions.Test.IntegrationTests.SqlServer.CrudAsyncFixture+CountMethod" runstate="Runnable" seed="1470273669" result="Inconclusive" start-time="2017-04-01 15:12:34Z" end-time="2017-04-01 15:12:34Z" duration="0.003213" asserts="0">
                  <reason>
                    <message><![CDATA[There is no SQL server connection string in appsettings.json for this test project.]]></message>
                  </reason>
                </test-case>
                <test-case id="1231" name="UsingPredicate_Returns_Count" fullname="DapperExtensions.Test.IntegrationTests.SqlServer.CrudAsyncFixture+CountMethod.UsingPredicate_Returns_Count" methodname="UsingPredicate_Returns_Count" classname="DapperExtensions.Test.IntegrationTests.SqlServer.CrudAsyncFixture+CountMethod" runstate="Runnable" seed="944725061" result="Inconclusive" start-time="2017-04-01 15:12:34Z" end-time="2017-04-01 15:12:34Z" duration="0.001280" asserts="0">
                  <reason>
                    <message><![CDATA[There is no SQL server connection string in appsettings.json for this test project.]]></message>
                  </reason>
                </test-case>
              </test-suite>
              <test-suite type="TestFixture" id="1212" name="CrudAsyncFixture+DeleteMethod" fullname="DapperExtensions.Test.IntegrationTests.SqlServer.CrudAsyncFixture+DeleteMethod" classname="DapperExtensions.Test.IntegrationTests.SqlServer.CrudAsyncFixture+DeleteMethod" runstate="Runnable" testcasecount="4" result="Passed" start-time="2017-04-01 15:12:34Z" end-time="2017-04-01 15:12:35Z" duration="0.019036" total="4" passed="0" failed="0" inconclusive="4" skipped="0" asserts="0">
                <test-case id="1214" name="UsingCompositeKey_DeletesFromDatabase" fullname="DapperExtensions.Test.IntegrationTests.SqlServer.CrudAsyncFixture+DeleteMethod.UsingCompositeKey_DeletesFromDatabase" methodname="UsingCompositeKey_DeletesFromDatabase" classname="DapperExtensions.Test.IntegrationTests.SqlServer.CrudAsyncFixture+DeleteMethod" runstate="Runnable" seed="1814000384" result="Inconclusive" start-time="2017-04-01 15:12:34Z" end-time="2017-04-01 15:12:34Z" duration="0.001245" asserts="0">
                  <reason>
                    <message><![CDATA[There is no SQL server connection string in appsettings.json for this test project.]]></message>
                  </reason>
                </test-case>
                <test-case id="1213" name="UsingKey_DeletesFromDatabase" fullname="DapperExtensions.Test.IntegrationTests.SqlServer.CrudAsyncFixture+DeleteMethod.UsingKey_DeletesFromDatabase" methodname="UsingKey_DeletesFromDatabase" classname="DapperExtensions.Test.IntegrationTests.SqlServer.CrudAsyncFixture+DeleteMethod" runstate="Runnable" seed="245430424" result="Inconclusive" start-time="2017-04-01 15:12:34Z" end-time="2017-04-01 15:12:34Z" duration="0.001312" asserts="0">
                  <reason>
                    <message><![CDATA[There is no SQL server connection string in appsettings.json for this test project.]]></message>
                  </reason>
                </test-case>
                <test-case id="1216" name="UsingObject_DeletesRows" fullname="DapperExtensions.Test.IntegrationTests.SqlServer.CrudAsyncFixture+DeleteMethod.UsingObject_DeletesRows" methodname="UsingObject_DeletesRows" classname="DapperExtensions.Test.IntegrationTests.SqlServer.CrudAsyncFixture+DeleteMethod" runstate="Runnable" seed="50594707" result="Inconclusive" start-time="2017-04-01 15:12:35Z" end-time="2017-04-01 15:12:35Z" duration="0.001075" asserts="0">
                  <reason>
                    <message><![CDATA[There is no SQL server connection string in appsettings.json for this test project.]]></message>
                  </reason>
                </test-case>
                <test-case id="1215" name="UsingPredicate_DeletesRows" fullname="DapperExtensions.Test.IntegrationTests.SqlServer.CrudAsyncFixture+DeleteMethod.UsingPredicate_DeletesRows" methodname="UsingPredicate_DeletesRows" classname="DapperExtensions.Test.IntegrationTests.SqlServer.CrudAsyncFixture+DeleteMethod" runstate="Runnable" seed="794400480" result="Inconclusive" start-time="2017-04-01 15:12:35Z" end-time="2017-04-01 15:12:35Z" duration="0.002003" asserts="0">
                  <reason>
                    <message><![CDATA[There is no SQL server connection string in appsettings.json for this test project.]]></message>
                  </reason>
                </test-case>
              </test-suite>
              <test-suite type="TestFixture" id="1220" name="CrudAsyncFixture+GetListMethod" fullname="DapperExtensions.Test.IntegrationTests.SqlServer.CrudAsyncFixture+GetListMethod" classname="DapperExtensions.Test.IntegrationTests.SqlServer.CrudAsyncFixture+GetListMethod" runstate="Runnable" testcasecount="3" result="Passed" start-time="2017-04-01 15:12:35Z" end-time="2017-04-01 15:12:35Z" duration="0.014551" total="3" passed="0" failed="0" inconclusive="3" skipped="0" asserts="0">
                <test-case id="1221" name="UsingNullPredicate_ReturnsAll" fullname="DapperExtensions.Test.IntegrationTests.SqlServer.CrudAsyncFixture+GetListMethod.UsingNullPredicate_ReturnsAll" methodname="UsingNullPredicate_ReturnsAll" classname="DapperExtensions.Test.IntegrationTests.SqlServer.CrudAsyncFixture+GetListMethod" runstate="Runnable" seed="1460216421" result="Inconclusive" start-time="2017-04-01 15:12:35Z" end-time="2017-04-01 15:12:35Z" duration="0.001118" asserts="0">
                  <reason>
                    <message><![CDATA[There is no SQL server connection string in appsettings.json for this test project.]]></message>
                  </reason>
                </test-case>
                <test-case id="1223" name="UsingObject_ReturnsMatching" fullname="DapperExtensions.Test.IntegrationTests.SqlServer.CrudAsyncFixture+GetListMethod.UsingObject_ReturnsMatching" methodname="UsingObject_ReturnsMatching" classname="DapperExtensions.Test.IntegrationTests.SqlServer.CrudAsyncFixture+GetListMethod" runstate="Runnable" seed="540237692" result="Inconclusive" start-time="2017-04-01 15:12:35Z" end-time="2017-04-01 15:12:35Z" duration="0.001998" asserts="0">
                  <reason>
                    <message><![CDATA[There is no SQL server connection string in appsettings.json for this test project.]]></message>
                  </reason>
                </test-case>
                <test-case id="1222" name="UsingPredicate_ReturnsMatching" fullname="DapperExtensions.Test.IntegrationTests.SqlServer.CrudAsyncFixture+GetListMethod.UsingPredicate_ReturnsMatching" methodname="UsingPredicate_ReturnsMatching" classname="DapperExtensions.Test.IntegrationTests.SqlServer.CrudAsyncFixture+GetListMethod" runstate="Runnable" seed="468471946" result="Inconclusive" start-time="2017-04-01 15:12:35Z" end-time="2017-04-01 15:12:35Z" duration="0.001293" asserts="0">
                  <reason>
                    <message><![CDATA[There is no SQL server connection string in appsettings.json for this test project.]]></message>
                  </reason>
                </test-case>
              </test-suite>
              <test-suite type="TestFixture" id="1209" name="CrudAsyncFixture+GetMethod" fullname="DapperExtensions.Test.IntegrationTests.SqlServer.CrudAsyncFixture+GetMethod" classname="DapperExtensions.Test.IntegrationTests.SqlServer.CrudAsyncFixture+GetMethod" runstate="Runnable" testcasecount="2" result="Passed" start-time="2017-04-01 15:12:35Z" end-time="2017-04-01 15:12:35Z" duration="0.008698" total="2" passed="0" failed="0" inconclusive="2" skipped="0" asserts="0">
                <test-case id="1211" name="UsingCompositeKey_ReturnsEntity" fullname="DapperExtensions.Test.IntegrationTests.SqlServer.CrudAsyncFixture+GetMethod.UsingCompositeKey_ReturnsEntity" methodname="UsingCompositeKey_ReturnsEntity" classname="DapperExtensions.Test.IntegrationTests.SqlServer.CrudAsyncFixture+GetMethod" runstate="Runnable" seed="2042658052" result="Inconclusive" start-time="2017-04-01 15:12:35Z" end-time="2017-04-01 15:12:35Z" duration="0.001164" asserts="0">
                  <reason>
                    <message><![CDATA[There is no SQL server connection string in appsettings.json for this test project.]]></message>
                  </reason>
                </test-case>
                <test-case id="1210" name="UsingKey_ReturnsEntity" fullname="DapperExtensions.Test.IntegrationTests.SqlServer.CrudAsyncFixture+GetMethod.UsingKey_ReturnsEntity" methodname="UsingKey_ReturnsEntity" classname="DapperExtensions.Test.IntegrationTests.SqlServer.CrudAsyncFixture+GetMethod" runstate="Runnable" seed="1844458629" result="Inconclusive" start-time="2017-04-01 15:12:35Z" end-time="2017-04-01 15:12:35Z" duration="0.001112" asserts="0">
                  <reason>
                    <message><![CDATA[There is no SQL server connection string in appsettings.json for this test project.]]></message>
                  </reason>
                </test-case>
              </test-suite>
              <test-suite type="TestFixture" id="1233" name="CrudAsyncFixture+GetMultipleMethod" fullname="DapperExtensions.Test.IntegrationTests.SqlServer.CrudAsyncFixture+GetMultipleMethod" classname="DapperExtensions.Test.IntegrationTests.SqlServer.CrudAsyncFixture+GetMultipleMethod" runstate="Runnable" testcasecount="1" result="Passed" start-time="2017-04-01 15:12:35Z" end-time="2017-04-01 15:12:35Z" duration="0.004020" total="1" passed="0" failed="0" inconclusive="1" skipped="0" asserts="0">
                <test-case id="1234" name="ReturnsItems" fullname="DapperExtensions.Test.IntegrationTests.SqlServer.CrudAsyncFixture+GetMultipleMethod.ReturnsItems" methodname="ReturnsItems" classname="DapperExtensions.Test.IntegrationTests.SqlServer.CrudAsyncFixture+GetMultipleMethod" runstate="Runnable" seed="1158030740" result="Inconclusive" start-time="2017-04-01 15:12:35Z" end-time="2017-04-01 15:12:35Z" duration="0.001180" asserts="0">
                  <reason>
                    <message><![CDATA[There is no SQL server connection string in appsettings.json for this test project.]]></message>
                  </reason>
                </test-case>
              </test-suite>
              <test-suite type="TestFixture" id="1224" name="CrudAsyncFixture+GetPageMethod" fullname="DapperExtensions.Test.IntegrationTests.SqlServer.CrudAsyncFixture+GetPageMethod" classname="DapperExtensions.Test.IntegrationTests.SqlServer.CrudAsyncFixture+GetPageMethod" runstate="Runnable" testcasecount="4" result="Passed" start-time="2017-04-01 15:12:35Z" end-time="2017-04-01 15:12:35Z" duration="0.018522" total="4" passed="0" failed="0" inconclusive="4" skipped="0" asserts="0">
                <test-case id="1227" name="NotFirstPage_Returns_NextResults" fullname="DapperExtensions.Test.IntegrationTests.SqlServer.CrudAsyncFixture+GetPageMethod.NotFirstPage_Returns_NextResults" methodname="NotFirstPage_Returns_NextResults" classname="DapperExtensions.Test.IntegrationTests.SqlServer.CrudAsyncFixture+GetPageMethod" runstate="Runnable" seed="244327693" result="Inconclusive" start-time="2017-04-01 15:12:35Z" end-time="2017-04-01 15:12:35Z" duration="0.000847" asserts="0">
                  <reason>
                    <message><![CDATA[There is no SQL server connection string in appsettings.json for this test project.]]></message>
                  </reason>
                </test-case>
                <test-case id="1225" name="UsingNullPredicate_ReturnsMatching" fullname="DapperExtensions.Test.IntegrationTests.SqlServer.CrudAsyncFixture+GetPageMethod.UsingNullPredicate_ReturnsMatching" methodname="UsingNullPredicate_ReturnsMatching" classname="DapperExtensions.Test.IntegrationTests.SqlServer.CrudAsyncFixture+GetPageMethod" runstate="Runnable" seed="44464800" result="Inconclusive" start-time="2017-04-01 15:12:35Z" end-time="2017-04-01 15:12:35Z" duration="0.003681" asserts="0">
                  <reason>
                    <message><![CDATA[There is no SQL server connection string in appsettings.json for this test project.]]></message>
                  </reason>
                </test-case>
                <test-case id="1228" name="UsingObject_ReturnsMatching" fullname="DapperExtensions.Test.IntegrationTests.SqlServer.CrudAsyncFixture+GetPageMethod.UsingObject_ReturnsMatching" methodname="UsingObject_ReturnsMatching" classname="DapperExtensions.Test.IntegrationTests.SqlServer.CrudAsyncFixture+GetPageMethod" runstate="Runnable" seed="971147053" result="Inconclusive" start-time="2017-04-01 15:12:35Z" end-time="2017-04-01 15:12:35Z" duration="0.000895" asserts="0">
                  <reason>
                    <message><![CDATA[There is no SQL server connection string in appsettings.json for this test project.]]></message>
                  </reason>
                </test-case>
                <test-case id="1226" name="UsingPredicate_ReturnsMatching" fullname="DapperExtensions.Test.IntegrationTests.SqlServer.CrudAsyncFixture+GetPageMethod.UsingPredicate_ReturnsMatching" methodname="UsingPredicate_ReturnsMatching" classname="DapperExtensions.Test.IntegrationTests.SqlServer.CrudAsyncFixture+GetPageMethod" runstate="Runnable" seed="136573636" result="Inconclusive" start-time="2017-04-01 15:12:35Z" end-time="2017-04-01 15:12:35Z" duration="0.000770" asserts="0">
                  <reason>
                    <message><![CDATA[There is no SQL server connection string in appsettings.json for this test project.]]></message>
                  </reason>
                </test-case>
              </test-suite>
              <test-suite type="TestFixture" id="1204" name="CrudAsyncFixture+InsertMethod" fullname="DapperExtensions.Test.IntegrationTests.SqlServer.CrudAsyncFixture+InsertMethod" classname="DapperExtensions.Test.IntegrationTests.SqlServer.CrudAsyncFixture+InsertMethod" runstate="Runnable" testcasecount="4" result="Passed" start-time="2017-04-01 15:12:35Z" end-time="2017-04-01 15:12:35Z" duration="0.016141" total="4" passed="0" failed="0" inconclusive="4" skipped="0" asserts="0">
                <test-case id="1206" name="AddsEntityToDatabase_ReturnsCompositeKey" fullname="DapperExtensions.Test.IntegrationTests.SqlServer.CrudAsyncFixture+InsertMethod.AddsEntityToDatabase_ReturnsCompositeKey" methodname="AddsEntityToDatabase_ReturnsCompositeKey" classname="DapperExtensions.Test.IntegrationTests.SqlServer.CrudAsyncFixture+InsertMethod" runstate="Runnable" seed="1881333321" result="Inconclusive" start-time="2017-04-01 15:12:35Z" end-time="2017-04-01 15:12:35Z" duration="0.000944" asserts="0">
                  <reason>
                    <message><![CDATA[There is no SQL server connection string in appsettings.json for this test project.]]></message>
                  </reason>
                </test-case>
                <test-case id="1207" name="AddsEntityToDatabase_ReturnsGeneratedPrimaryKey" fullname="DapperExtensions.Test.IntegrationTests.SqlServer.CrudAsyncFixture+InsertMethod.AddsEntityToDatabase_ReturnsGeneratedPrimaryKey" methodname="AddsEntityToDatabase_ReturnsGeneratedPrimaryKey" classname="DapperExtensions.Test.IntegrationTests.SqlServer.CrudAsyncFixture+InsertMethod" runstate="Runnable" seed="2033728941" result="Inconclusive" start-time="2017-04-01 15:12:35Z" end-time="2017-04-01 15:12:35Z" duration="0.000795" asserts="0">
                  <reason>
                    <message><![CDATA[There is no SQL server connection string in appsettings.json for this test project.]]></message>
                  </reason>
                </test-case>
                <test-case id="1205" name="AddsEntityToDatabase_ReturnsKey" fullname="DapperExtensions.Test.IntegrationTests.SqlServer.CrudAsyncFixture+InsertMethod.AddsEntityToDatabase_ReturnsKey" methodname="AddsEntityToDatabase_ReturnsKey" classname="DapperExtensions.Test.IntegrationTests.SqlServer.CrudAsyncFixture+InsertMethod" runstate="Runnable" seed="425407993" result="Inconclusive" start-time="2017-04-01 15:12:35Z" end-time="2017-04-01 15:12:35Z" duration="0.001088" asserts="0">
                  <reason>
                    <message><![CDATA[There is no SQL server connection string in appsettings.json for this test project.]]></message>
                  </reason>
                </test-case>
                <test-case id="1208" name="AddsMultipleEntitiesToDatabase" fullname="DapperExtensions.Test.IntegrationTests.SqlServer.CrudAsyncFixture+InsertMethod.AddsMultipleEntitiesToDatabase" methodname="AddsMultipleEntitiesToDatabase" classname="DapperExtensions.Test.IntegrationTests.SqlServer.CrudAsyncFixture+InsertMethod" runstate="Runnable" seed="499894022" result="Inconclusive" start-time="2017-04-01 15:12:35Z" end-time="2017-04-01 15:12:35Z" duration="0.000776" asserts="0">
                  <reason>
                    <message><![CDATA[There is no SQL server connection string in appsettings.json for this test project.]]></message>
                  </reason>
                </test-case>
              </test-suite>
              <test-suite type="TestFixture" id="1217" name="CrudAsyncFixture+UpdateMethod" fullname="DapperExtensions.Test.IntegrationTests.SqlServer.CrudAsyncFixture+UpdateMethod" classname="DapperExtensions.Test.IntegrationTests.SqlServer.CrudAsyncFixture+UpdateMethod" runstate="Runnable" testcasecount="2" result="Passed" start-time="2017-04-01 15:12:35Z" end-time="2017-04-01 15:12:35Z" duration="0.007550" total="2" passed="0" failed="0" inconclusive="2" skipped="0" asserts="0">
                <test-case id="1219" name="UsingCompositeKey_UpdatesEntity" fullname="DapperExtensions.Test.IntegrationTests.SqlServer.CrudAsyncFixture+UpdateMethod.UsingCompositeKey_UpdatesEntity" methodname="UsingCompositeKey_UpdatesEntity" classname="DapperExtensions.Test.IntegrationTests.SqlServer.CrudAsyncFixture+UpdateMethod" runstate="Runnable" seed="2077143357" result="Inconclusive" start-time="2017-04-01 15:12:35Z" end-time="2017-04-01 15:12:35Z" duration="0.001406" asserts="0">
                  <reason>
                    <message><![CDATA[There is no SQL server connection string in appsettings.json for this test project.]]></message>
                  </reason>
                </test-case>
                <test-case id="1218" name="UsingKey_UpdatesEntity" fullname="DapperExtensions.Test.IntegrationTests.SqlServer.CrudAsyncFixture+UpdateMethod.UsingKey_UpdatesEntity" methodname="UsingKey_UpdatesEntity" classname="DapperExtensions.Test.IntegrationTests.SqlServer.CrudAsyncFixture+UpdateMethod" runstate="Runnable" seed="2134411188" result="Inconclusive" start-time="2017-04-01 15:12:35Z" end-time="2017-04-01 15:12:35Z" duration="0.000769" asserts="0">
                  <reason>
                    <message><![CDATA[There is no SQL server connection string in appsettings.json for this test project.]]></message>
                  </reason>
                </test-case>
              </test-suite>
              <test-suite type="TestFixture" id="1026" name="CrudFixture" fullname="DapperExtensions.Test.IntegrationTests.SqlServer.CrudFixture" classname="DapperExtensions.Test.IntegrationTests.SqlServer.CrudFixture" runstate="Runnable" testcasecount="0" result="Passed" start-time="2017-04-01 15:12:35Z" end-time="2017-04-01 15:12:35Z" duration="0.000178" total="0" passed="0" failed="0" inconclusive="0" skipped="0" asserts="0" />
              <test-suite type="TestFixture" id="1260" name="CrudFixture+CountMethod" fullname="DapperExtensions.Test.IntegrationTests.SqlServer.CrudFixture+CountMethod" classname="DapperExtensions.Test.IntegrationTests.SqlServer.CrudFixture+CountMethod" runstate="Runnable" testcasecount="3" result="Passed" start-time="2017-04-01 15:12:35Z" end-time="2017-04-01 15:12:35Z" duration="0.011618" total="3" passed="0" failed="0" inconclusive="3" skipped="0" asserts="0">
                <test-case id="1261" name="UsingNullPredicate_Returns_Count" fullname="DapperExtensions.Test.IntegrationTests.SqlServer.CrudFixture+CountMethod.UsingNullPredicate_Returns_Count" methodname="UsingNullPredicate_Returns_Count" classname="DapperExtensions.Test.IntegrationTests.SqlServer.CrudFixture+CountMethod" runstate="Runnable" seed="360597785" result="Inconclusive" start-time="2017-04-01 15:12:35Z" end-time="2017-04-01 15:12:35Z" duration="0.001310" asserts="0">
                  <reason>
                    <message><![CDATA[There is no SQL server connection string in appsettings.json for this test project.]]></message>
                  </reason>
                </test-case>
                <test-case id="1263" name="UsingObject_Returns_Count" fullname="DapperExtensions.Test.IntegrationTests.SqlServer.CrudFixture+CountMethod.UsingObject_Returns_Count" methodname="UsingObject_Returns_Count" classname="DapperExtensions.Test.IntegrationTests.SqlServer.CrudFixture+CountMethod" runstate="Runnable" seed="1388269736" result="Inconclusive" start-time="2017-04-01 15:12:35Z" end-time="2017-04-01 15:12:35Z" duration="0.000724" asserts="0">
                  <reason>
                    <message><![CDATA[There is no SQL server connection string in appsettings.json for this test project.]]></message>
                  </reason>
                </test-case>
                <test-case id="1262" name="UsingPredicate_Returns_Count" fullname="DapperExtensions.Test.IntegrationTests.SqlServer.CrudFixture+CountMethod.UsingPredicate_Returns_Count" methodname="UsingPredicate_Returns_Count" classname="DapperExtensions.Test.IntegrationTests.SqlServer.CrudFixture+CountMethod" runstate="Runnable" seed="2006560758" result="Inconclusive" start-time="2017-04-01 15:12:35Z" end-time="2017-04-01 15:12:35Z" duration="0.000957" asserts="0">
                  <reason>
                    <message><![CDATA[There is no SQL server connection string in appsettings.json for this test project.]]></message>
                  </reason>
                </test-case>
              </test-suite>
              <test-suite type="TestFixture" id="1243" name="CrudFixture+DeleteMethod" fullname="DapperExtensions.Test.IntegrationTests.SqlServer.CrudFixture+DeleteMethod" classname="DapperExtensions.Test.IntegrationTests.SqlServer.CrudFixture+DeleteMethod" runstate="Runnable" testcasecount="4" result="Passed" start-time="2017-04-01 15:12:35Z" end-time="2017-04-01 15:12:35Z" duration="0.014995" total="4" passed="0" failed="0" inconclusive="4" skipped="0" asserts="0">
                <test-case id="1245" name="UsingCompositeKey_DeletesFromDatabase" fullname="DapperExtensions.Test.IntegrationTests.SqlServer.CrudFixture+DeleteMethod.UsingCompositeKey_DeletesFromDatabase" methodname="UsingCompositeKey_DeletesFromDatabase" classname="DapperExtensions.Test.IntegrationTests.SqlServer.CrudFixture+DeleteMethod" runstate="Runnable" seed="825442874" result="Inconclusive" start-time="2017-04-01 15:12:35Z" end-time="2017-04-01 15:12:35Z" duration="0.000940" asserts="0">
                  <reason>
                    <message><![CDATA[There is no SQL server connection string in appsettings.json for this test project.]]></message>
                  </reason>
                </test-case>
                <test-case id="1244" name="UsingKey_DeletesFromDatabase" fullname="DapperExtensions.Test.IntegrationTests.SqlServer.CrudFixture+DeleteMethod.UsingKey_DeletesFromDatabase" methodname="UsingKey_DeletesFromDatabase" classname="DapperExtensions.Test.IntegrationTests.SqlServer.CrudFixture+DeleteMethod" runstate="Runnable" seed="106211510" result="Inconclusive" start-time="2017-04-01 15:12:35Z" end-time="2017-04-01 15:12:35Z" duration="0.000937" asserts="0">
                  <reason>
                    <message><![CDATA[There is no SQL server connection string in appsettings.json for this test project.]]></message>
                  </reason>
                </test-case>
                <test-case id="1247" name="UsingObject_DeletesRows" fullname="DapperExtensions.Test.IntegrationTests.SqlServer.CrudFixture+DeleteMethod.UsingObject_DeletesRows" methodname="UsingObject_DeletesRows" classname="DapperExtensions.Test.IntegrationTests.SqlServer.CrudFixture+DeleteMethod" runstate="Runnable" seed="981585350" result="Inconclusive" start-time="2017-04-01 15:12:35Z" end-time="2017-04-01 15:12:35Z" duration="0.000759" asserts="0">
                  <reason>
                    <message><![CDATA[There is no SQL server connection string in appsettings.json for this test project.]]></message>
                  </reason>
                </test-case>
                <test-case id="1246" name="UsingPredicate_DeletesRows" fullname="DapperExtensions.Test.IntegrationTests.SqlServer.CrudFixture+DeleteMethod.UsingPredicate_DeletesRows" methodname="UsingPredicate_DeletesRows" classname="DapperExtensions.Test.IntegrationTests.SqlServer.CrudFixture+DeleteMethod" runstate="Runnable" seed="957759240" result="Inconclusive" start-time="2017-04-01 15:12:35Z" end-time="2017-04-01 15:12:35Z" duration="0.000691" asserts="0">
                  <reason>
                    <message><![CDATA[There is no SQL server connection string in appsettings.json for this test project.]]></message>
                  </reason>
                </test-case>
              </test-suite>
              <test-suite type="TestFixture" id="1251" name="CrudFixture+GetListMethod" fullname="DapperExtensions.Test.IntegrationTests.SqlServer.CrudFixture+GetListMethod" classname="DapperExtensions.Test.IntegrationTests.SqlServer.CrudFixture+GetListMethod" runstate="Runnable" testcasecount="3" result="Passed" start-time="2017-04-01 15:12:35Z" end-time="2017-04-01 15:12:35Z" duration="0.011514" total="3" passed="0" failed="0" inconclusive="3" skipped="0" asserts="0">
                <test-case id="1252" name="UsingNullPredicate_ReturnsAll" fullname="DapperExtensions.Test.IntegrationTests.SqlServer.CrudFixture+GetListMethod.UsingNullPredicate_ReturnsAll" methodname="UsingNullPredicate_ReturnsAll" classname="DapperExtensions.Test.IntegrationTests.SqlServer.CrudFixture+GetListMethod" runstate="Runnable" seed="1053127538" result="Inconclusive" start-time="2017-04-01 15:12:35Z" end-time="2017-04-01 15:12:35Z" duration="0.000947" asserts="0">
                  <reason>
                    <message><![CDATA[There is no SQL server connection string in appsettings.json for this test project.]]></message>
                  </reason>
                </test-case>
                <test-case id="1254" name="UsingObject_ReturnsMatching" fullname="DapperExtensions.Test.IntegrationTests.SqlServer.CrudFixture+GetListMethod.UsingObject_ReturnsMatching" methodname="UsingObject_ReturnsMatching" classname="DapperExtensions.Test.IntegrationTests.SqlServer.CrudFixture+GetListMethod" runstate="Runnable" seed="2124663262" result="Inconclusive" start-time="2017-04-01 15:12:35Z" end-time="2017-04-01 15:12:35Z" duration="0.001428" asserts="0">
                  <reason>
                    <message><![CDATA[There is no SQL server connection string in appsettings.json for this test project.]]></message>
                  </reason>
                </test-case>
                <test-case id="1253" name="UsingPredicate_ReturnsMatching" fullname="DapperExtensions.Test.IntegrationTests.SqlServer.CrudFixture+GetListMethod.UsingPredicate_ReturnsMatching" methodname="UsingPredicate_ReturnsMatching" classname="DapperExtensions.Test.IntegrationTests.SqlServer.CrudFixture+GetListMethod" runstate="Runnable" seed="2082834940" result="Inconclusive" start-time="2017-04-01 15:12:35Z" end-time="2017-04-01 15:12:35Z" duration="0.000808" asserts="0">
                  <reason>
                    <message><![CDATA[There is no SQL server connection string in appsettings.json for this test project.]]></message>
                  </reason>
                </test-case>
              </test-suite>
              <test-suite type="TestFixture" id="1240" name="CrudFixture+GetMethod" fullname="DapperExtensions.Test.IntegrationTests.SqlServer.CrudFixture+GetMethod" classname="DapperExtensions.Test.IntegrationTests.SqlServer.CrudFixture+GetMethod" runstate="Runnable" testcasecount="2" result="Passed" start-time="2017-04-01 15:12:35Z" end-time="2017-04-01 15:12:35Z" duration="0.007510" total="2" passed="0" failed="0" inconclusive="2" skipped="0" asserts="0">
                <test-case id="1242" name="UsingCompositeKey_ReturnsEntity" fullname="DapperExtensions.Test.IntegrationTests.SqlServer.CrudFixture+GetMethod.UsingCompositeKey_ReturnsEntity" methodname="UsingCompositeKey_ReturnsEntity" classname="DapperExtensions.Test.IntegrationTests.SqlServer.CrudFixture+GetMethod" runstate="Runnable" seed="121598951" result="Inconclusive" start-time="2017-04-01 15:12:35Z" end-time="2017-04-01 15:12:35Z" duration="0.000752" asserts="0">
                  <reason>
                    <message><![CDATA[There is no SQL server connection string in appsettings.json for this test project.]]></message>
                  </reason>
                </test-case>
                <test-case id="1241" name="UsingKey_ReturnsEntity" fullname="DapperExtensions.Test.IntegrationTests.SqlServer.CrudFixture+GetMethod.UsingKey_ReturnsEntity" methodname="UsingKey_ReturnsEntity" classname="DapperExtensions.Test.IntegrationTests.SqlServer.CrudFixture+GetMethod" runstate="Runnable" seed="1566149247" result="Inconclusive" start-time="2017-04-01 15:12:35Z" end-time="2017-04-01 15:12:35Z" duration="0.000851" asserts="0">
                  <reason>
                    <message><![CDATA[There is no SQL server connection string in appsettings.json for this test project.]]></message>
                  </reason>
                </test-case>
              </test-suite>
              <test-suite type="TestFixture" id="1264" name="CrudFixture+GetMultipleMethod" fullname="DapperExtensions.Test.IntegrationTests.SqlServer.CrudFixture+GetMultipleMethod" classname="DapperExtensions.Test.IntegrationTests.SqlServer.CrudFixture+GetMultipleMethod" runstate="Runnable" testcasecount="1" result="Passed" start-time="2017-04-01 15:12:35Z" end-time="2017-04-01 15:12:35Z" duration="0.003494" total="1" passed="0" failed="0" inconclusive="1" skipped="0" asserts="0">
                <test-case id="1265" name="ReturnsItems" fullname="DapperExtensions.Test.IntegrationTests.SqlServer.CrudFixture+GetMultipleMethod.ReturnsItems" methodname="ReturnsItems" classname="DapperExtensions.Test.IntegrationTests.SqlServer.CrudFixture+GetMultipleMethod" runstate="Runnable" seed="1694102398" result="Inconclusive" start-time="2017-04-01 15:12:35Z" end-time="2017-04-01 15:12:35Z" duration="0.000690" asserts="0">
                  <reason>
                    <message><![CDATA[There is no SQL server connection string in appsettings.json for this test project.]]></message>
                  </reason>
                </test-case>
              </test-suite>
              <test-suite type="TestFixture" id="1255" name="CrudFixture+GetPageMethod" fullname="DapperExtensions.Test.IntegrationTests.SqlServer.CrudFixture+GetPageMethod" classname="DapperExtensions.Test.IntegrationTests.SqlServer.CrudFixture+GetPageMethod" runstate="Runnable" testcasecount="4" result="Passed" start-time="2017-04-01 15:12:35Z" end-time="2017-04-01 15:12:35Z" duration="0.026095" total="4" passed="0" failed="0" inconclusive="4" skipped="0" asserts="0">
                <test-case id="1258" name="NotFirstPage_Returns_NextResults" fullname="DapperExtensions.Test.IntegrationTests.SqlServer.CrudFixture+GetPageMethod.NotFirstPage_Returns_NextResults" methodname="NotFirstPage_Returns_NextResults" classname="DapperExtensions.Test.IntegrationTests.SqlServer.CrudFixture+GetPageMethod" runstate="Runnable" seed="1204039786" result="Inconclusive" start-time="2017-04-01 15:12:35Z" end-time="2017-04-01 15:12:35Z" duration="0.003258" asserts="0">
                  <reason>
                    <message><![CDATA[There is no SQL server connection string in appsettings.json for this test project.]]></message>
                  </reason>
                </test-case>
                <test-case id="1256" name="UsingNullPredicate_ReturnsMatching" fullname="DapperExtensions.Test.IntegrationTests.SqlServer.CrudFixture+GetPageMethod.UsingNullPredicate_ReturnsMatching" methodname="UsingNullPredicate_ReturnsMatching" classname="DapperExtensions.Test.IntegrationTests.SqlServer.CrudFixture+GetPageMethod" runstate="Runnable" seed="508725728" result="Inconclusive" start-time="2017-04-01 15:12:35Z" end-time="2017-04-01 15:12:35Z" duration="0.003512" asserts="0">
                  <reason>
                    <message><![CDATA[There is no SQL server connection string in appsettings.json for this test project.]]></message>
                  </reason>
                </test-case>
                <test-case id="1259" name="UsingObject_ReturnsMatching" fullname="DapperExtensions.Test.IntegrationTests.SqlServer.CrudFixture+GetPageMethod.UsingObject_ReturnsMatching" methodname="UsingObject_ReturnsMatching" classname="DapperExtensions.Test.IntegrationTests.SqlServer.CrudFixture+GetPageMethod" runstate="Runnable" seed="68043956" result="Inconclusive" start-time="2017-04-01 15:12:35Z" end-time="2017-04-01 15:12:35Z" duration="0.003440" asserts="0">
                  <reason>
                    <message><![CDATA[There is no SQL server connection string in appsettings.json for this test project.]]></message>
                  </reason>
                </test-case>
                <test-case id="1257" name="UsingPredicate_ReturnsMatching" fullname="DapperExtensions.Test.IntegrationTests.SqlServer.CrudFixture+GetPageMethod.UsingPredicate_ReturnsMatching" methodname="UsingPredicate_ReturnsMatching" classname="DapperExtensions.Test.IntegrationTests.SqlServer.CrudFixture+GetPageMethod" runstate="Runnable" seed="634135785" result="Inconclusive" start-time="2017-04-01 15:12:35Z" end-time="2017-04-01 15:12:35Z" duration="0.004030" asserts="0">
                  <reason>
                    <message><![CDATA[There is no SQL server connection string in appsettings.json for this test project.]]></message>
                  </reason>
                </test-case>
              </test-suite>
              <test-suite type="TestFixture" id="1235" name="CrudFixture+InsertMethod" fullname="DapperExtensions.Test.IntegrationTests.SqlServer.CrudFixture+InsertMethod" classname="DapperExtensions.Test.IntegrationTests.SqlServer.CrudFixture+InsertMethod" runstate="Runnable" testcasecount="4" result="Passed" start-time="2017-04-01 15:12:35Z" end-time="2017-04-01 15:12:35Z" duration="0.030056" total="4" passed="0" failed="0" inconclusive="4" skipped="0" asserts="0">
                <test-case id="1237" name="AddsEntityToDatabase_ReturnsCompositeKey" fullname="DapperExtensions.Test.IntegrationTests.SqlServer.CrudFixture+InsertMethod.AddsEntityToDatabase_ReturnsCompositeKey" methodname="AddsEntityToDatabase_ReturnsCompositeKey" classname="DapperExtensions.Test.IntegrationTests.SqlServer.CrudFixture+InsertMethod" runstate="Runnable" seed="1271148978" result="Inconclusive" start-time="2017-04-01 15:12:35Z" end-time="2017-04-01 15:12:35Z" duration="0.002944" asserts="0">
                  <reason>
                    <message><![CDATA[There is no SQL server connection string in appsettings.json for this test project.]]></message>
                  </reason>
                </test-case>
                <test-case id="1238" name="AddsEntityToDatabase_ReturnsGeneratedPrimaryKey" fullname="DapperExtensions.Test.IntegrationTests.SqlServer.CrudFixture+InsertMethod.AddsEntityToDatabase_ReturnsGeneratedPrimaryKey" methodname="AddsEntityToDatabase_ReturnsGeneratedPrimaryKey" classname="DapperExtensions.Test.IntegrationTests.SqlServer.CrudFixture+InsertMethod" runstate="Runnable" seed="1284123808" result="Inconclusive" start-time="2017-04-01 15:12:35Z" end-time="2017-04-01 15:12:35Z" duration="0.003334" asserts="0">
                  <reason>
                    <message><![CDATA[There is no SQL server connection string in appsettings.json for this test project.]]></message>
                  </reason>
                </test-case>
                <test-case id="1236" name="AddsEntityToDatabase_ReturnsKey" fullname="DapperExtensions.Test.IntegrationTests.SqlServer.CrudFixture+InsertMethod.AddsEntityToDatabase_ReturnsKey" methodname="AddsEntityToDatabase_ReturnsKey" classname="DapperExtensions.Test.IntegrationTests.SqlServer.CrudFixture+InsertMethod" runstate="Runnable" seed="846163999" result="Inconclusive" start-time="2017-04-01 15:12:35Z" end-time="2017-04-01 15:12:35Z" duration="0.004683" asserts="0">
                  <reason>
                    <message><![CDATA[There is no SQL server connection string in appsettings.json for this test project.]]></message>
                  </reason>
                </test-case>
                <test-case id="1239" name="AddsMultipleEntitiesToDatabase" fullname="DapperExtensions.Test.IntegrationTests.SqlServer.CrudFixture+InsertMethod.AddsMultipleEntitiesToDatabase" methodname="AddsMultipleEntitiesToDatabase" classname="DapperExtensions.Test.IntegrationTests.SqlServer.CrudFixture+InsertMethod" runstate="Runnable" seed="395734505" result="Inconclusive" start-time="2017-04-01 15:12:35Z" end-time="2017-04-01 15:12:35Z" duration="0.004678" asserts="0">
                  <reason>
                    <message><![CDATA[There is no SQL server connection string in appsettings.json for this test project.]]></message>
                  </reason>
                </test-case>
              </test-suite>
              <test-suite type="TestFixture" id="1248" name="CrudFixture+UpdateMethod" fullname="DapperExtensions.Test.IntegrationTests.SqlServer.CrudFixture+UpdateMethod" classname="DapperExtensions.Test.IntegrationTests.SqlServer.CrudFixture+UpdateMethod" runstate="Runnable" testcasecount="2" result="Passed" start-time="2017-04-01 15:12:35Z" end-time="2017-04-01 15:12:35Z" duration="0.014030" total="2" passed="0" failed="0" inconclusive="2" skipped="0" asserts="0">
                <test-case id="1250" name="UsingCompositeKey_UpdatesEntity" fullname="DapperExtensions.Test.IntegrationTests.SqlServer.CrudFixture+UpdateMethod.UsingCompositeKey_UpdatesEntity" methodname="UsingCompositeKey_UpdatesEntity" classname="DapperExtensions.Test.IntegrationTests.SqlServer.CrudFixture+UpdateMethod" runstate="Runnable" seed="1792051742" result="Inconclusive" start-time="2017-04-01 15:12:35Z" end-time="2017-04-01 15:12:35Z" duration="0.002670" asserts="0">
                  <reason>
                    <message><![CDATA[There is no SQL server connection string in appsettings.json for this test project.]]></message>
                  </reason>
                </test-case>
                <test-case id="1249" name="UsingKey_UpdatesEntity" fullname="DapperExtensions.Test.IntegrationTests.SqlServer.CrudFixture+UpdateMethod.UsingKey_UpdatesEntity" methodname="UsingKey_UpdatesEntity" classname="DapperExtensions.Test.IntegrationTests.SqlServer.CrudFixture+UpdateMethod" runstate="Runnable" seed="1119604499" result="Inconclusive" start-time="2017-04-01 15:12:35Z" end-time="2017-04-01 15:12:35Z" duration="0.004127" asserts="0">
                  <reason>
                    <message><![CDATA[There is no SQL server connection string in appsettings.json for this test project.]]></message>
                  </reason>
                </test-case>
              </test-suite>
              <test-suite type="TestFixture" id="1027" name="InsertNullableValuesFixture" fullname="DapperExtensions.Test.IntegrationTests.SqlServer.InsertNullableValuesFixture" classname="DapperExtensions.Test.IntegrationTests.SqlServer.InsertNullableValuesFixture" runstate="Runnable" testcasecount="1" result="Passed" start-time="2017-04-01 15:12:35Z" end-time="2017-04-01 15:12:35Z" duration="0.007034" total="1" passed="0" failed="0" inconclusive="1" skipped="0" asserts="0">
                <test-case id="1028" name="InsertSkipsNullableFieldsTest" fullname="DapperExtensions.Test.IntegrationTests.SqlServer.InsertNullableValuesFixture.InsertSkipsNullableFieldsTest" methodname="InsertSkipsNullableFieldsTest" classname="DapperExtensions.Test.IntegrationTests.SqlServer.InsertNullableValuesFixture" runstate="Runnable" seed="1526296645" result="Inconclusive" start-time="2017-04-01 15:12:35Z" end-time="2017-04-01 15:12:35Z" duration="0.002631" asserts="0">
                  <reason>
                    <message><![CDATA[There is no SQL server connection string in appsettings.json for this test project.]]></message>
                  </reason>
                </test-case>
              </test-suite>
              <test-suite type="TestFixture" id="1029" name="SelectTableTests" fullname="DapperExtensions.Test.IntegrationTests.SqlServer.SelectTableTests" classname="DapperExtensions.Test.IntegrationTests.SqlServer.SelectTableTests" runstate="Runnable" testcasecount="2" result="Passed" start-time="2017-04-01 15:12:35Z" end-time="2017-04-01 15:12:35Z" duration="0.018067" total="2" passed="0" failed="0" inconclusive="2" skipped="0" asserts="0">
                <test-case id="1030" name="SelectTableBasicTest" fullname="DapperExtensions.Test.IntegrationTests.SqlServer.SelectTableTests.SelectTableBasicTest" methodname="SelectTableBasicTest" classname="DapperExtensions.Test.IntegrationTests.SqlServer.SelectTableTests" runstate="Runnable" seed="1744574436" result="Inconclusive" start-time="2017-04-01 15:12:35Z" end-time="2017-04-01 15:12:35Z" duration="0.003325" asserts="0">
                  <reason>
                    <message><![CDATA[There is no SQL server connection string in appsettings.json for this test project.]]></message>
                  </reason>
                </test-case>
                <test-case id="1031" name="SelectTableWithPredicateTest" fullname="DapperExtensions.Test.IntegrationTests.SqlServer.SelectTableTests.SelectTableWithPredicateTest" methodname="SelectTableWithPredicateTest" classname="DapperExtensions.Test.IntegrationTests.SqlServer.SelectTableTests" runstate="Runnable" seed="880343073" result="Inconclusive" start-time="2017-04-01 15:12:35Z" end-time="2017-04-01 15:12:35Z" duration="0.006530" asserts="0">
                  <reason>
                    <message><![CDATA[There is no SQL server connection string in appsettings.json for this test project.]]></message>
                  </reason>
                </test-case>
              </test-suite>
              <test-suite type="TestFixture" id="1032" name="TimerFixture" fullname="DapperExtensions.Test.IntegrationTests.SqlServer.TimerFixture" classname="DapperExtensions.Test.IntegrationTests.SqlServer.TimerFixture" runstate="Runnable" testcasecount="0" result="Passed" start-time="2017-04-01 15:12:35Z" end-time="2017-04-01 15:12:35Z" duration="0.000166" total="0" passed="0" failed="0" inconclusive="0" skipped="0" asserts="0" />
              <test-suite type="TestFixture" id="1266" name="TimerFixture+InsertTimes" fullname="DapperExtensions.Test.IntegrationTests.SqlServer.TimerFixture+InsertTimes" classname="DapperExtensions.Test.IntegrationTests.SqlServer.TimerFixture+InsertTimes" runstate="Runnable" testcasecount="6" result="Passed" start-time="2017-04-01 15:12:35Z" end-time="2017-04-01 15:12:35Z" duration="0.031022" total="6" passed="0" failed="0" inconclusive="6" skipped="0" asserts="0">
                <test-case id="1271" name="AssignKey_UsingEntity" fullname="DapperExtensions.Test.IntegrationTests.SqlServer.TimerFixture+InsertTimes.AssignKey_UsingEntity" methodname="AssignKey_UsingEntity" classname="DapperExtensions.Test.IntegrationTests.SqlServer.TimerFixture+InsertTimes" runstate="Runnable" seed="1663019847" result="Inconclusive" start-time="2017-04-01 15:12:35Z" end-time="2017-04-01 15:12:35Z" duration="0.001741" asserts="0">
                  <reason>
                    <message><![CDATA[There is no SQL server connection string in appsettings.json for this test project.]]></message>
                  </reason>
                </test-case>
                <test-case id="1272" name="AssignKey_UsingReturnValue" fullname="DapperExtensions.Test.IntegrationTests.SqlServer.TimerFixture+InsertTimes.AssignKey_UsingReturnValue" methodname="AssignKey_UsingReturnValue" classname="DapperExtensions.Test.IntegrationTests.SqlServer.TimerFixture+InsertTimes" runstate="Runnable" seed="211573207" result="Inconclusive" start-time="2017-04-01 15:12:35Z" end-time="2017-04-01 15:12:35Z" duration="0.003248" asserts="0">
                  <reason>
                    <message><![CDATA[There is no SQL server connection string in appsettings.json for this test project.]]></message>
                  </reason>
                </test-case>
                <test-case id="1269" name="GuidKey_UsingEntity" fullname="DapperExtensions.Test.IntegrationTests.SqlServer.TimerFixture+InsertTimes.GuidKey_UsingEntity" methodname="GuidKey_UsingEntity" classname="DapperExtensions.Test.IntegrationTests.SqlServer.TimerFixture+InsertTimes" runstate="Runnable" seed="1408683298" result="Inconclusive" start-time="2017-04-01 15:12:35Z" end-time="2017-04-01 15:12:35Z" duration="0.001632" asserts="0">
                  <reason>
                    <message><![CDATA[There is no SQL server connection string in appsettings.json for this test project.]]></message>
                  </reason>
                </test-case>
                <test-case id="1270" name="GuidKey_UsingReturnValue" fullname="DapperExtensions.Test.IntegrationTests.SqlServer.TimerFixture+InsertTimes.GuidKey_UsingReturnValue" methodname="GuidKey_UsingReturnValue" classname="DapperExtensions.Test.IntegrationTests.SqlServer.TimerFixture+InsertTimes" runstate="Runnable" seed="1426902883" result="Inconclusive" start-time="2017-04-01 15:12:35Z" end-time="2017-04-01 15:12:35Z" duration="0.001654" asserts="0">
                  <reason>
                    <message><![CDATA[There is no SQL server connection string in appsettings.json for this test project.]]></message>
                  </reason>
                </test-case>
                <test-case id="1267" name="IdentityKey_UsingEntity" fullname="DapperExtensions.Test.IntegrationTests.SqlServer.TimerFixture+InsertTimes.IdentityKey_UsingEntity" methodname="IdentityKey_UsingEntity" classname="DapperExtensions.Test.IntegrationTests.SqlServer.TimerFixture+InsertTimes" runstate="Runnable" seed="958483846" result="Inconclusive" start-time="2017-04-01 15:12:35Z" end-time="2017-04-01 15:12:35Z" duration="0.002464" asserts="0">
                  <reason>
                    <message><![CDATA[There is no SQL server connection string in appsettings.json for this test project.]]></message>
                  </reason>
                </test-case>
                <test-case id="1268" name="IdentityKey_UsingReturnValue" fullname="DapperExtensions.Test.IntegrationTests.SqlServer.TimerFixture+InsertTimes.IdentityKey_UsingReturnValue" methodname="IdentityKey_UsingReturnValue" classname="DapperExtensions.Test.IntegrationTests.SqlServer.TimerFixture+InsertTimes" runstate="Runnable" seed="272274206" result="Inconclusive" start-time="2017-04-01 15:12:35Z" end-time="2017-04-01 15:12:35Z" duration="0.002169" asserts="0">
                  <reason>
                    <message><![CDATA[There is no SQL server connection string in appsettings.json for this test project.]]></message>
                  </reason>
                </test-case>
              </test-suite>
            </test-suite>
          </test-suite>
          <test-suite type="TestSuite" id="1277" name="Mapper" fullname="DapperExtensions.Test.Mapper" runstate="Runnable" testcasecount="40" result="Passed" start-time="2017-04-01 15:12:13Z" end-time="2017-04-01 15:12:35Z" duration="22.398114" total="40" passed="40" failed="0" inconclusive="0" skipped="0" asserts="64">
            <test-suite type="TestFixture" id="1005" name="AutoClassMapperFixture" fullname="DapperExtensions.Test.Mapper.AutoClassMapperFixture" classname="DapperExtensions.Test.Mapper.AutoClassMapperFixture" runstate="Runnable" testcasecount="0" result="Passed" start-time="2017-04-01 15:12:35Z" end-time="2017-04-01 15:12:35Z" duration="0.000145" total="0" passed="0" failed="0" inconclusive="0" skipped="0" asserts="0" />
            <test-suite type="TestFixture" id="1091" name="AutoClassMapperFixture+AutoClassMapperTableName" fullname="DapperExtensions.Test.Mapper.AutoClassMapperFixture+AutoClassMapperTableName" classname="DapperExtensions.Test.Mapper.AutoClassMapperFixture+AutoClassMapperTableName" runstate="Runnable" testcasecount="5" result="Passed" start-time="2017-04-01 15:12:35Z" end-time="2017-04-01 15:12:35Z" duration="0.024011" total="5" passed="5" failed="0" inconclusive="0" skipped="0" asserts="5">
              <test-case id="1092" name="Constructor_ReturnsProperName" fullname="DapperExtensions.Test.Mapper.AutoClassMapperFixture+AutoClassMapperTableName.Constructor_ReturnsProperName" methodname="Constructor_ReturnsProperName" classname="DapperExtensions.Test.Mapper.AutoClassMapperFixture+AutoClassMapperTableName" runstate="Runnable" seed="1249023354" result="Passed" start-time="2017-04-01 15:12:35Z" end-time="2017-04-01 15:12:35Z" duration="0.001551" asserts="1" />
              <test-case id="1096" name="Sets_IdFirstPropertyEndingInIdWhenNoIdPropertyFound" fullname="DapperExtensions.Test.Mapper.AutoClassMapperFixture+AutoClassMapperTableName.Sets_IdFirstPropertyEndingInIdWhenNoIdPropertyFound" methodname="Sets_IdFirstPropertyEndingInIdWhenNoIdPropertyFound" classname="DapperExtensions.Test.Mapper.AutoClassMapperFixture+AutoClassMapperTableName" runstate="Runnable" seed="1114514841" result="Passed" start-time="2017-04-01 15:12:35Z" end-time="2017-04-01 15:12:35Z" duration="0.002245" asserts="1" />
              <test-case id="1094" name="Sets_IdPropertyToKeyWhenFirstProperty" fullname="DapperExtensions.Test.Mapper.AutoClassMapperFixture+AutoClassMapperTableName.Sets_IdPropertyToKeyWhenFirstProperty" methodname="Sets_IdPropertyToKeyWhenFirstProperty" classname="DapperExtensions.Test.Mapper.AutoClassMapperFixture+AutoClassMapperTableName" runstate="Runnable" seed="1240900097" result="Passed" start-time="2017-04-01 15:12:35Z" end-time="2017-04-01 15:12:35Z" duration="0.001587" asserts="1" />
              <test-case id="1095" name="Sets_IdPropertyToKeyWhenFoundInClass" fullname="DapperExtensions.Test.Mapper.AutoClassMapperFixture+AutoClassMapperTableName.Sets_IdPropertyToKeyWhenFoundInClass" methodname="Sets_IdPropertyToKeyWhenFoundInClass" classname="DapperExtensions.Test.Mapper.AutoClassMapperFixture+AutoClassMapperTableName" runstate="Runnable" seed="1856581298" result="Passed" start-time="2017-04-01 15:12:35Z" end-time="2017-04-01 15:12:35Z" duration="0.001911" asserts="1" />
              <test-case id="1093" name="SettingTableName_ReturnsProperName" fullname="DapperExtensions.Test.Mapper.AutoClassMapperFixture+AutoClassMapperTableName.SettingTableName_ReturnsProperName" methodname="SettingTableName_ReturnsProperName" classname="DapperExtensions.Test.Mapper.AutoClassMapperFixture+AutoClassMapperTableName" runstate="Runnable" seed="787445735" result="Passed" start-time="2017-04-01 15:12:35Z" end-time="2017-04-01 15:12:35Z" duration="0.001120" asserts="1" />
            </test-suite>
            <test-suite type="TestFixture" id="1097" name="AutoClassMapperFixture+CustomAutoMapperTableName" fullname="DapperExtensions.Test.Mapper.AutoClassMapperFixture+CustomAutoMapperTableName" classname="DapperExtensions.Test.Mapper.AutoClassMapperFixture+CustomAutoMapperTableName" runstate="Runnable" testcasecount="2" result="Passed" start-time="2017-04-01 15:12:35Z" end-time="2017-04-01 15:12:35Z" duration="0.009565" total="2" passed="2" failed="0" inconclusive="0" skipped="0" asserts="2">
              <test-case id="1098" name="ReturnsProperPluralization" fullname="DapperExtensions.Test.Mapper.AutoClassMapperFixture+CustomAutoMapperTableName.ReturnsProperPluralization" methodname="ReturnsProperPluralization" classname="DapperExtensions.Test.Mapper.AutoClassMapperFixture+CustomAutoMapperTableName" runstate="Runnable" seed="746775293" result="Passed" start-time="2017-04-01 15:12:35Z" end-time="2017-04-01 15:12:35Z" duration="0.002367" asserts="1" />
              <test-case id="1099" name="ReturnsProperResultsForExceptions" fullname="DapperExtensions.Test.Mapper.AutoClassMapperFixture+CustomAutoMapperTableName.ReturnsProperResultsForExceptions" methodname="ReturnsProperResultsForExceptions" classname="DapperExtensions.Test.Mapper.AutoClassMapperFixture+CustomAutoMapperTableName" runstate="Runnable" seed="1966308683" result="Passed" start-time="2017-04-01 15:12:35Z" end-time="2017-04-01 15:12:35Z" duration="0.001177" asserts="1" />
            </test-suite>
            <test-suite type="TestFixture" id="1011" name="ClassMapperFixture" fullname="DapperExtensions.Test.Mapper.ClassMapperFixture" classname="DapperExtensions.Test.Mapper.ClassMapperFixture" runstate="Runnable" testcasecount="0" result="Passed" start-time="2017-04-01 15:12:35Z" end-time="2017-04-01 15:12:35Z" duration="0.000131" total="0" passed="0" failed="0" inconclusive="0" skipped="0" asserts="0" />
            <test-suite type="TestFixture" id="1114" name="ClassMapperFixture+AutoMapIdTests" fullname="DapperExtensions.Test.Mapper.ClassMapperFixture+AutoMapIdTests" classname="DapperExtensions.Test.Mapper.ClassMapperFixture+AutoMapIdTests" runstate="Runnable" testcasecount="11" result="Passed" start-time="2017-04-01 15:12:35Z" end-time="2017-04-01 15:12:35Z" duration="0.069540" total="11" passed="11" failed="0" inconclusive="0" skipped="0" asserts="23">
              <test-case id="1125" name="AutoMapSetsFirstIdToAssignedWhenNotKeyType" fullname="DapperExtensions.Test.Mapper.ClassMapperFixture+AutoMapIdTests.AutoMapSetsFirstIdToAssignedWhenNotKeyType" methodname="AutoMapSetsFirstIdToAssignedWhenNotKeyType" classname="DapperExtensions.Test.Mapper.ClassMapperFixture+AutoMapIdTests" runstate="Runnable" seed="1965371959" result="Passed" start-time="2017-04-01 15:12:35Z" end-time="2017-04-01 15:12:35Z" duration="0.010554" asserts="3" />
              <test-case id="1124" name="AutoMapSetsFirstIdToGuidWhenGuid" fullname="DapperExtensions.Test.Mapper.ClassMapperFixture+AutoMapIdTests.AutoMapSetsFirstIdToGuidWhenGuid" methodname="AutoMapSetsFirstIdToGuidWhenGuid" classname="DapperExtensions.Test.Mapper.ClassMapperFixture+AutoMapIdTests" runstate="Runnable" seed="243809717" result="Passed" start-time="2017-04-01 15:12:35Z" end-time="2017-04-01 15:12:35Z" duration="0.002031" asserts="2" />
              <test-case id="1123" name="AutoMapSetsFirstIdToIdentityWhenBigInteger" fullname="DapperExtensions.Test.Mapper.ClassMapperFixture+AutoMapIdTests.AutoMapSetsFirstIdToIdentityWhenBigInteger" methodname="AutoMapSetsFirstIdToIdentityWhenBigInteger" classname="DapperExtensions.Test.Mapper.ClassMapperFixture+AutoMapIdTests" runstate="Runnable" seed="1044688029" result="Passed" start-time="2017-04-01 15:12:35Z" end-time="2017-04-01 15:12:35Z" duration="0.003517" asserts="2" />
              <test-case id="1115" name="AutoMapSetsFirstIdToIdentityWhenByte" fullname="DapperExtensions.Test.Mapper.ClassMapperFixture+AutoMapIdTests.AutoMapSetsFirstIdToIdentityWhenByte" methodname="AutoMapSetsFirstIdToIdentityWhenByte" classname="DapperExtensions.Test.Mapper.ClassMapperFixture+AutoMapIdTests" runstate="Runnable" seed="1315699918" result="Passed" start-time="2017-04-01 15:12:35Z" end-time="2017-04-01 15:12:35Z" duration="0.001986" asserts="2" />
              <test-case id="1117" name="AutoMapSetsFirstIdToIdentityWhenInt16" fullname="DapperExtensions.Test.Mapper.ClassMapperFixture+AutoMapIdTests.AutoMapSetsFirstIdToIdentityWhenInt16" methodname="AutoMapSetsFirstIdToIdentityWhenInt16" classname="DapperExtensions.Test.Mapper.ClassMapperFixture+AutoMapIdTests" runstate="Runnable" seed="331535676" result="Passed" start-time="2017-04-01 15:12:35Z" end-time="2017-04-01 15:12:35Z" duration="0.002238" asserts="2" />
              <test-case id="1119" name="AutoMapSetsFirstIdToIdentityWhenInt32" fullname="DapperExtensions.Test.Mapper.ClassMapperFixture+AutoMapIdTests.AutoMapSetsFirstIdToIdentityWhenInt32" methodname="AutoMapSetsFirstIdToIdentityWhenInt32" classname="DapperExtensions.Test.Mapper.ClassMapperFixture+AutoMapIdTests" runstate="Runnable" seed="1214907245" result="Passed" start-time="2017-04-01 15:12:35Z" end-time="2017-04-01 15:12:35Z" duration="0.003146" asserts="2" />
              <test-case id="1121" name="AutoMapSetsFirstIdToIdentityWhenInt64" fullname="DapperExtensions.Test.Mapper.ClassMapperFixture+AutoMapIdTests.AutoMapSetsFirstIdToIdentityWhenInt64" methodname="AutoMapSetsFirstIdToIdentityWhenInt64" classname="DapperExtensions.Test.Mapper.ClassMapperFixture+AutoMapIdTests" runstate="Runnable" seed="118196129" result="Passed" start-time="2017-04-01 15:12:35Z" end-time="2017-04-01 15:12:35Z" duration="0.002589" asserts="2" />
              <test-case id="1116" name="AutoMapSetsFirstIdToIdentityWhenSByte" fullname="DapperExtensions.Test.Mapper.ClassMapperFixture+AutoMapIdTests.AutoMapSetsFirstIdToIdentityWhenSByte" methodname="AutoMapSetsFirstIdToIdentityWhenSByte" classname="DapperExtensions.Test.Mapper.ClassMapperFixture+AutoMapIdTests" runstate="Runnable" seed="1361960177" result="Passed" start-time="2017-04-01 15:12:35Z" end-time="2017-04-01 15:12:35Z" duration="0.002007" asserts="2" />
              <test-case id="1118" name="AutoMapSetsFirstIdToIdentityWhenUnsignedInt16" fullname="DapperExtensions.Test.Mapper.ClassMapperFixture+AutoMapIdTests.AutoMapSetsFirstIdToIdentityWhenUnsignedInt16" methodname="AutoMapSetsFirstIdToIdentityWhenUnsignedInt16" classname="DapperExtensions.Test.Mapper.ClassMapperFixture+AutoMapIdTests" runstate="Runnable" seed="309375992" result="Passed" start-time="2017-04-01 15:12:35Z" end-time="2017-04-01 15:12:35Z" duration="0.002691" asserts="2" />
              <test-case id="1120" name="AutoMapSetsFirstIdToIdentityWhenUnsignedInt32" fullname="DapperExtensions.Test.Mapper.ClassMapperFixture+AutoMapIdTests.AutoMapSetsFirstIdToIdentityWhenUnsignedInt32" methodname="AutoMapSetsFirstIdToIdentityWhenUnsignedInt32" classname="DapperExtensions.Test.Mapper.ClassMapperFixture+AutoMapIdTests" runstate="Runnable" seed="1362422737" result="Passed" start-time="2017-04-01 15:12:35Z" end-time="2017-04-01 15:12:35Z" duration="0.002423" asserts="2" />
              <test-case id="1122" name="AutoMapSetsFirstIdToIdentityWhenUnsignedInt64" fullname="DapperExtensions.Test.Mapper.ClassMapperFixture+AutoMapIdTests.AutoMapSetsFirstIdToIdentityWhenUnsignedInt64" methodname="AutoMapSetsFirstIdToIdentityWhenUnsignedInt64" classname="DapperExtensions.Test.Mapper.ClassMapperFixture+AutoMapIdTests" runstate="Runnable" seed="1644147123" result="Passed" start-time="2017-04-01 15:12:35Z" end-time="2017-04-01 15:12:35Z" duration="0.002212" asserts="2" />
            </test-suite>
            <test-suite type="TestFixture" id="1126" name="ClassMapperFixture+AutoMapMethod" fullname="DapperExtensions.Test.Mapper.ClassMapperFixture+AutoMapMethod" classname="DapperExtensions.Test.Mapper.ClassMapperFixture+AutoMapMethod" runstate="Runnable" testcasecount="7" result="Passed" start-time="2017-04-01 15:12:35Z" end-time="2017-04-01 15:12:35Z" duration="0.037375" total="7" passed="7" failed="0" inconclusive="0" skipped="0" asserts="16">
              <test-case id="1133" name="DoesNotMapPropertyWhenCanMapIsFalse" fullname="DapperExtensions.Test.Mapper.ClassMapperFixture+AutoMapMethod.DoesNotMapPropertyWhenCanMapIsFalse" methodname="DoesNotMapPropertyWhenCanMapIsFalse" classname="DapperExtensions.Test.Mapper.ClassMapperFixture+AutoMapMethod" runstate="Runnable" seed="1767664840" result="Passed" start-time="2017-04-01 15:12:35Z" end-time="2017-04-01 15:12:35Z" duration="0.003504" asserts="1" />
              <test-case id="1131" name="EnumerableDoesNotThrowException" fullname="DapperExtensions.Test.Mapper.ClassMapperFixture+AutoMapMethod.EnumerableDoesNotThrowException" methodname="EnumerableDoesNotThrowException" classname="DapperExtensions.Test.Mapper.ClassMapperFixture+AutoMapMethod" runstate="Runnable" seed="266690284" result="Passed" start-time="2017-04-01 15:12:35Z" end-time="2017-04-01 15:12:35Z" duration="0.000895" asserts="1" />
              <test-case id="1132" name="IgnoringAnEnumerableDoesNotCauseError" fullname="DapperExtensions.Test.Mapper.ClassMapperFixture+AutoMapMethod.IgnoringAnEnumerableDoesNotCauseError" methodname="IgnoringAnEnumerableDoesNotCauseError" classname="DapperExtensions.Test.Mapper.ClassMapperFixture+AutoMapMethod" runstate="Runnable" seed="1908943151" result="Passed" start-time="2017-04-01 15:12:35Z" end-time="2017-04-01 15:12:35Z" duration="0.002754" asserts="1" />
              <test-case id="1129" name="MakesFirstGuidId_AGuidKey" fullname="DapperExtensions.Test.Mapper.ClassMapperFixture+AutoMapMethod.MakesFirstGuidId_AGuidKey" methodname="MakesFirstGuidId_AGuidKey" classname="DapperExtensions.Test.Mapper.ClassMapperFixture+AutoMapMethod" runstate="Runnable" seed="488801242" result="Passed" start-time="2017-04-01 15:12:35Z" end-time="2017-04-01 15:12:35Z" duration="0.001977" asserts="2" />
              <test-case id="1128" name="MakesFirstIntId_AIdentityKey" fullname="DapperExtensions.Test.Mapper.ClassMapperFixture+AutoMapMethod.MakesFirstIntId_AIdentityKey" methodname="MakesFirstIntId_AIdentityKey" classname="DapperExtensions.Test.Mapper.ClassMapperFixture+AutoMapMethod" runstate="Runnable" seed="1595958660" result="Passed" start-time="2017-04-01 15:12:35Z" end-time="2017-04-01 15:12:35Z" duration="0.001422" asserts="2" />
              <test-case id="1130" name="MakesFirstStringId_AAssignedKey" fullname="DapperExtensions.Test.Mapper.ClassMapperFixture+AutoMapMethod.MakesFirstStringId_AAssignedKey" methodname="MakesFirstStringId_AAssignedKey" classname="DapperExtensions.Test.Mapper.ClassMapperFixture+AutoMapMethod" runstate="Runnable" seed="1594861139" result="Passed" start-time="2017-04-01 15:12:35Z" end-time="2017-04-01 15:12:35Z" duration="0.002764" asserts="2" />
              <test-case id="1127" name="MapsAllProperties" fullname="DapperExtensions.Test.Mapper.ClassMapperFixture+AutoMapMethod.MapsAllProperties" methodname="MapsAllProperties" classname="DapperExtensions.Test.Mapper.ClassMapperFixture+AutoMapMethod" runstate="Runnable" seed="1510875674" result="Passed" start-time="2017-04-01 15:12:35Z" end-time="2017-04-01 15:12:35Z" duration="0.002199" asserts="7" />
            </test-suite>
            <test-suite type="TestFixture" id="1111" name="ClassMapperFixture+UnMapTests" fullname="DapperExtensions.Test.Mapper.ClassMapperFixture+UnMapTests" classname="DapperExtensions.Test.Mapper.ClassMapperFixture+UnMapTests" runstate="Runnable" testcasecount="2" result="Passed" start-time="2017-04-01 15:12:35Z" end-time="2017-04-01 15:12:35Z" duration="0.014528" total="2" passed="2" failed="0" inconclusive="0" skipped="0" asserts="2">
              <test-case id="1112" name="UnMapRemovesAnExistingMapping" fullname="DapperExtensions.Test.Mapper.ClassMapperFixture+UnMapTests.UnMapRemovesAnExistingMapping" methodname="UnMapRemovesAnExistingMapping" classname="DapperExtensions.Test.Mapper.ClassMapperFixture+UnMapTests" runstate="Runnable" seed="106917799" result="Passed" start-time="2017-04-01 15:12:35Z" end-time="2017-04-01 15:12:35Z" duration="0.006451" asserts="2" />
              <test-case id="1113" name="UnMapWhenMappingDidntPreviouslyExist" fullname="DapperExtensions.Test.Mapper.ClassMapperFixture+UnMapTests.UnMapWhenMappingDidntPreviouslyExist" methodname="UnMapWhenMappingDidntPreviouslyExist" classname="DapperExtensions.Test.Mapper.ClassMapperFixture+UnMapTests" runstate="Runnable" seed="73786699" result="Passed" start-time="2017-04-01 15:12:35Z" end-time="2017-04-01 15:12:35Z" duration="0.001603" asserts="0" />
            </test-suite>
            <test-suite type="TestFixture" id="1006" name="PluralizedAutoClassMapperFixture" fullname="DapperExtensions.Test.Mapper.PluralizedAutoClassMapperFixture" classname="DapperExtensions.Test.Mapper.PluralizedAutoClassMapperFixture" runstate="Runnable" testcasecount="0" result="Passed" start-time="2017-04-01 15:12:35Z" end-time="2017-04-01 15:12:35Z" duration="0.000194" total="0" passed="0" failed="0" inconclusive="0" skipped="0" asserts="0" />
            <test-suite type="TestFixture" id="1108" name="PluralizedAutoClassMapperFixture+CustomPluralizedMapperTableName" fullname="DapperExtensions.Test.Mapper.PluralizedAutoClassMapperFixture+CustomPluralizedMapperTableName" classname="DapperExtensions.Test.Mapper.PluralizedAutoClassMapperFixture+CustomPluralizedMapperTableName" runstate="Runnable" testcasecount="2" result="Passed" start-time="2017-04-01 15:12:35Z" end-time="2017-04-01 15:12:35Z" duration="0.016021" total="2" passed="2" failed="0" inconclusive="0" skipped="0" asserts="2">
              <test-case id="1109" name="ReturnsProperPluralization" fullname="DapperExtensions.Test.Mapper.PluralizedAutoClassMapperFixture+CustomPluralizedMapperTableName.ReturnsProperPluralization" methodname="ReturnsProperPluralization" classname="DapperExtensions.Test.Mapper.PluralizedAutoClassMapperFixture+CustomPluralizedMapperTableName" runstate="Runnable" seed="380732598" result="Passed" start-time="2017-04-01 15:12:35Z" end-time="2017-04-01 15:12:35Z" duration="0.008897" asserts="1" />
              <test-case id="1110" name="ReturnsProperResultsForExceptions" fullname="DapperExtensions.Test.Mapper.PluralizedAutoClassMapperFixture+CustomPluralizedMapperTableName.ReturnsProperResultsForExceptions" methodname="ReturnsProperResultsForExceptions" classname="DapperExtensions.Test.Mapper.PluralizedAutoClassMapperFixture+CustomPluralizedMapperTableName" runstate="Runnable" seed="511611025" result="Passed" start-time="2017-04-01 15:12:35Z" end-time="2017-04-01 15:12:35Z" duration="0.001435" asserts="1" />
            </test-suite>
            <test-suite type="TestFixture" id="1100" name="PluralizedAutoClassMapperFixture+PluralizedAutoClassMapperTableName" fullname="DapperExtensions.Test.Mapper.PluralizedAutoClassMapperFixture+PluralizedAutoClassMapperTableName" classname="DapperExtensions.Test.Mapper.PluralizedAutoClassMapperFixture+PluralizedAutoClassMapperTableName" runstate="Runnable" testcasecount="7" result="Passed" start-time="2017-04-01 15:12:35Z" end-time="2017-04-01 15:12:35Z" duration="0.040596" total="7" passed="7" failed="0" inconclusive="0" skipped="0" asserts="7">
              <test-case id="1101" name="ReturnsProperPluralization" fullname="DapperExtensions.Test.Mapper.PluralizedAutoClassMapperFixture+PluralizedAutoClassMapperTableName.ReturnsProperPluralization" methodname="ReturnsProperPluralization" classname="DapperExtensions.Test.Mapper.PluralizedAutoClassMapperFixture+PluralizedAutoClassMapperTableName" runstate="Runnable" seed="935962288" result="Passed" start-time="2017-04-01 15:12:35Z" end-time="2017-04-01 15:12:35Z" duration="0.003039" asserts="1" />
              <test-case id="1106" name="ReturnsProperPluralizationWhenWordContainsF" fullname="DapperExtensions.Test.Mapper.PluralizedAutoClassMapperFixture+PluralizedAutoClassMapperTableName.ReturnsProperPluralizationWhenWordContainsF" methodname="ReturnsProperPluralizationWhenWordContainsF" classname="DapperExtensions.Test.Mapper.PluralizedAutoClassMapperFixture+PluralizedAutoClassMapperTableName" runstate="Runnable" seed="1930029881" result="Passed" start-time="2017-04-01 15:12:35Z" end-time="2017-04-01 15:12:35Z" duration="0.002866" asserts="1" />
              <test-case id="1107" name="ReturnsProperPluralizationWhenWordContainsFe" fullname="DapperExtensions.Test.Mapper.PluralizedAutoClassMapperFixture+PluralizedAutoClassMapperTableName.ReturnsProperPluralizationWhenWordContainsFe" methodname="ReturnsProperPluralizationWhenWordContainsFe" classname="DapperExtensions.Test.Mapper.PluralizedAutoClassMapperFixture+PluralizedAutoClassMapperTableName" runstate="Runnable" seed="1742921920" result="Passed" start-time="2017-04-01 15:12:35Z" end-time="2017-04-01 15:12:35Z" duration="0.002185" asserts="1" />
              <test-case id="1104" name="ReturnsProperPluralizationWhenWordEndsWithF" fullname="DapperExtensions.Test.Mapper.PluralizedAutoClassMapperFixture+PluralizedAutoClassMapperTableName.ReturnsProperPluralizationWhenWordEndsWithF" methodname="ReturnsProperPluralizationWhenWordEndsWithF" classname="DapperExtensions.Test.Mapper.PluralizedAutoClassMapperFixture+PluralizedAutoClassMapperTableName" runstate="Runnable" seed="314438216" result="Passed" start-time="2017-04-01 15:12:35Z" end-time="2017-04-01 15:12:35Z" duration="0.003013" asserts="1" />
              <test-case id="1103" name="ReturnsProperPluralizationWhenWordEndsWithS" fullname="DapperExtensions.Test.Mapper.PluralizedAutoClassMapperFixture+PluralizedAutoClassMapperTableName.ReturnsProperPluralizationWhenWordEndsWithS" methodname="ReturnsProperPluralizationWhenWordEndsWithS" classname="DapperExtensions.Test.Mapper.PluralizedAutoClassMapperFixture+PluralizedAutoClassMapperTableName" runstate="Runnable" seed="36044297" result="Passed" start-time="2017-04-01 15:12:35Z" end-time="2017-04-01 15:12:35Z" duration="0.003377" asserts="1" />
              <test-case id="1102" name="ReturnsProperPluralizationWhenWordEndsWithY" fullname="DapperExtensions.Test.Mapper.PluralizedAutoClassMapperFixture+PluralizedAutoClassMapperTableName.ReturnsProperPluralizationWhenWordEndsWithY" methodname="ReturnsProperPluralizationWhenWordEndsWithY" classname="DapperExtensions.Test.Mapper.PluralizedAutoClassMapperFixture+PluralizedAutoClassMapperTableName" runstate="Runnable" seed="811624053" result="Passed" start-time="2017-04-01 15:12:35Z" end-time="2017-04-01 15:12:35Z" duration="0.001977" asserts="1" />
              <test-case id="1105" name="ReturnsProperPluralizationWhenWordWithFe" fullname="DapperExtensions.Test.Mapper.PluralizedAutoClassMapperFixture+PluralizedAutoClassMapperTableName.ReturnsProperPluralizationWhenWordWithFe" methodname="ReturnsProperPluralizationWhenWordWithFe" classname="DapperExtensions.Test.Mapper.PluralizedAutoClassMapperFixture+PluralizedAutoClassMapperTableName" runstate="Runnable" seed="150665882" result="Passed" start-time="2017-04-01 15:12:35Z" end-time="2017-04-01 15:12:35Z" duration="0.002562" asserts="1" />
            </test-suite>
            <test-suite type="TestFixture" id="1007" name="PropertyMapFixture" fullname="DapperExtensions.Test.Mapper.PropertyMapFixture" classname="DapperExtensions.Test.Mapper.PropertyMapFixture" runstate="Runnable" testcasecount="3" result="Passed" start-time="2017-04-01 15:12:35Z" end-time="2017-04-01 15:12:35Z" duration="0.014529" total="3" passed="3" failed="0" inconclusive="0" skipped="0" asserts="7">
              <test-case id="1009" name="PropertyMap_Column_Sets_ColumnName_But_Does_Not_Change_Name" fullname="DapperExtensions.Test.Mapper.PropertyMapFixture.PropertyMap_Column_Sets_ColumnName_But_Does_Not_Change_Name" methodname="PropertyMap_Column_Sets_ColumnName_But_Does_Not_Change_Name" classname="DapperExtensions.Test.Mapper.PropertyMapFixture" runstate="Runnable" seed="864405448" result="Passed" start-time="2017-04-01 15:12:35Z" end-time="2017-04-01 15:12:35Z" duration="0.001505" asserts="2" />
              <test-case id="1008" name="PropertyMap_Constructor_Sets_Name_And_ColumnName_Property_From_PropertyInfo" fullname="DapperExtensions.Test.Mapper.PropertyMapFixture.PropertyMap_Constructor_Sets_Name_And_ColumnName_Property_From_PropertyInfo" methodname="PropertyMap_Constructor_Sets_Name_And_ColumnName_Property_From_PropertyInfo" classname="DapperExtensions.Test.Mapper.PropertyMapFixture" runstate="Runnable" seed="338255898" result="Passed" start-time="2017-04-01 15:12:35Z" end-time="2017-04-01 15:12:35Z" duration="0.001329" asserts="2" />
              <test-case id="1010" name="PropertyMap_Key_Sets_KeyType" fullname="DapperExtensions.Test.Mapper.PropertyMapFixture.PropertyMap_Key_Sets_KeyType" methodname="PropertyMap_Key_Sets_KeyType" classname="DapperExtensions.Test.Mapper.PropertyMapFixture" runstate="Runnable" seed="911913722" result="Passed" start-time="2017-04-01 15:12:35Z" end-time="2017-04-01 15:12:35Z" duration="0.002733" asserts="3" />
            </test-suite>
            <test-suite type="TestFixture" id="1003" name="SQLUpdateOptions" fullname="DapperExtensions.Test.Mapper.SQLUpdateOptions" classname="DapperExtensions.Test.Mapper.SQLUpdateOptions" runstate="Runnable" testcasecount="1" result="Passed" start-time="2017-04-01 15:12:35Z" end-time="2017-04-01 15:12:35Z" duration="0.006857" total="1" passed="1" failed="0" inconclusive="0" skipped="0" asserts="0">
              <test-case id="1004" name="SkipAssignFieldsTest" fullname="DapperExtensions.Test.Mapper.SQLUpdateOptions.SkipAssignFieldsTest" methodname="SkipAssignFieldsTest" classname="DapperExtensions.Test.Mapper.SQLUpdateOptions" runstate="Runnable" seed="731632370" result="Passed" start-time="2017-04-01 15:12:35Z" end-time="2017-04-01 15:12:35Z" duration="0.000200" asserts="0" />
            </test-suite>
          </test-suite>
          <test-suite type="TestSuite" id="1276" name="Sql" fullname="DapperExtensions.Test.Sql" runstate="Runnable" testcasecount="45" result="Passed" start-time="2017-04-01 15:12:13Z" end-time="2017-04-01 15:12:35Z" duration="22.638544" total="45" passed="45" failed="0" inconclusive="0" skipped="0" asserts="94">
            <test-suite type="TestFixture" id="1035" name="SqlCeDialectFixture+GetTableNameMethod" fullname="DapperExtensions.Test.Sql.SqlCeDialectFixture+GetTableNameMethod" classname="DapperExtensions.Test.Sql.SqlCeDialectFixture+GetTableNameMethod" runstate="Runnable" testcasecount="5" result="Passed" start-time="2017-04-01 15:12:35Z" end-time="2017-04-01 15:12:35Z" duration="0.054498" total="5" passed="5" failed="0" inconclusive="0" skipped="0" asserts="9">
              <test-case id="1040" name="AllParams_ReturnsProperlyQuoted" fullname="DapperExtensions.Test.Sql.SqlCeDialectFixture+GetTableNameMethod.AllParams_ReturnsProperlyQuoted" methodname="AllParams_ReturnsProperlyQuoted" classname="DapperExtensions.Test.Sql.SqlCeDialectFixture+GetTableNameMethod" runstate="Runnable" seed="841568032" result="Passed" start-time="2017-04-01 15:12:35Z" end-time="2017-04-01 15:12:35Z" duration="0.003107" asserts="1" />
              <test-case id="1037" name="EmptyTableName_ThrowsException" fullname="DapperExtensions.Test.Sql.SqlCeDialectFixture+GetTableNameMethod.EmptyTableName_ThrowsException" methodname="EmptyTableName_ThrowsException" classname="DapperExtensions.Test.Sql.SqlCeDialectFixture+GetTableNameMethod" runstate="Runnable" seed="161499785" result="Passed" start-time="2017-04-01 15:12:35Z" end-time="2017-04-01 15:12:35Z" duration="0.032914" asserts="3" />
              <test-case id="1036" name="NullTableName_ThrowsException" fullname="DapperExtensions.Test.Sql.SqlCeDialectFixture+GetTableNameMethod.NullTableName_ThrowsException" methodname="NullTableName_ThrowsException" classname="DapperExtensions.Test.Sql.SqlCeDialectFixture+GetTableNameMethod" runstate="Runnable" seed="1130627032" result="Passed" start-time="2017-04-01 15:12:35Z" end-time="2017-04-01 15:12:35Z" duration="0.001186" asserts="3" />
              <test-case id="1039" name="SchemaAndTable_ReturnsProperlyQuoted" fullname="DapperExtensions.Test.Sql.SqlCeDialectFixture+GetTableNameMethod.SchemaAndTable_ReturnsProperlyQuoted" methodname="SchemaAndTable_ReturnsProperlyQuoted" classname="DapperExtensions.Test.Sql.SqlCeDialectFixture+GetTableNameMethod" runstate="Runnable" seed="581831029" result="Passed" start-time="2017-04-01 15:12:35Z" end-time="2017-04-01 15:12:35Z" duration="0.001069" asserts="1" />
              <test-case id="1038" name="TableNameOnly_ReturnsProperlyQuoted" fullname="DapperExtensions.Test.Sql.SqlCeDialectFixture+GetTableNameMethod.TableNameOnly_ReturnsProperlyQuoted" methodname="TableNameOnly_ReturnsProperlyQuoted" classname="DapperExtensions.Test.Sql.SqlCeDialectFixture+GetTableNameMethod" runstate="Runnable" seed="1168842538" result="Passed" start-time="2017-04-01 15:12:35Z" end-time="2017-04-01 15:12:35Z" duration="0.000677" asserts="1" />
            </test-suite>
            <test-suite type="TestFixture" id="1033" name="SqlCeDialectFixture+Properties" fullname="DapperExtensions.Test.Sql.SqlCeDialectFixture+Properties" classname="DapperExtensions.Test.Sql.SqlCeDialectFixture+Properties" runstate="Runnable" testcasecount="1" result="Passed" start-time="2017-04-01 15:12:35Z" end-time="2017-04-01 15:12:35Z" duration="0.005033" total="1" passed="1" failed="0" inconclusive="0" skipped="0" asserts="5">
              <test-case id="1034" name="CheckSettings" fullname="DapperExtensions.Test.Sql.SqlCeDialectFixture+Properties.CheckSettings" methodname="CheckSettings" classname="DapperExtensions.Test.Sql.SqlCeDialectFixture+Properties" runstate="Runnable" seed="289462287" result="Passed" start-time="2017-04-01 15:12:35Z" end-time="2017-04-01 15:12:35Z" duration="0.001965" asserts="5" />
            </test-suite>
            <test-suite type="TestFixture" id="1000" name="SqlDialectBaseFixture" fullname="DapperExtensions.Test.Sql.SqlDialectBaseFixture" classname="DapperExtensions.Test.Sql.SqlDialectBaseFixture" runstate="Runnable" testcasecount="0" result="Passed" start-time="2017-04-01 15:12:35Z" end-time="2017-04-01 15:12:35Z" duration="0.000186" total="0" passed="0" failed="0" inconclusive="0" skipped="0" asserts="0" />
            <test-suite type="TestFixture" id="1064" name="SqlDialectBaseFixture+GetColumnNameMethod" fullname="DapperExtensions.Test.Sql.SqlDialectBaseFixture+GetColumnNameMethod" classname="DapperExtensions.Test.Sql.SqlDialectBaseFixture+GetColumnNameMethod" runstate="Runnable" testcasecount="6" result="Passed" start-time="2017-04-01 15:12:35Z" end-time="2017-04-01 15:12:35Z" duration="0.022031" total="6" passed="6" failed="0" inconclusive="0" skipped="0" asserts="10">
              <test-case id="1069" name="AllParams_ReturnsProperlyQuoted" fullname="DapperExtensions.Test.Sql.SqlDialectBaseFixture+GetColumnNameMethod.AllParams_ReturnsProperlyQuoted" methodname="AllParams_ReturnsProperlyQuoted" classname="DapperExtensions.Test.Sql.SqlDialectBaseFixture+GetColumnNameMethod" runstate="Runnable" seed="417832734" result="Passed" start-time="2017-04-01 15:12:35Z" end-time="2017-04-01 15:12:35Z" duration="0.001066" asserts="1" />
              <test-case id="1067" name="ColumnNameOnly_ReturnsProperlyQuoted" fullname="DapperExtensions.Test.Sql.SqlDialectBaseFixture+GetColumnNameMethod.ColumnNameOnly_ReturnsProperlyQuoted" methodname="ColumnNameOnly_ReturnsProperlyQuoted" classname="DapperExtensions.Test.Sql.SqlDialectBaseFixture+GetColumnNameMethod" runstate="Runnable" seed="467837989" result="Passed" start-time="2017-04-01 15:12:35Z" end-time="2017-04-01 15:12:35Z" duration="0.000298" asserts="1" />
              <test-case id="1070" name="ContainsQuotes_DoesNotAddExtraQuotes" fullname="DapperExtensions.Test.Sql.SqlDialectBaseFixture+GetColumnNameMethod.ContainsQuotes_DoesNotAddExtraQuotes" methodname="ContainsQuotes_DoesNotAddExtraQuotes" classname="DapperExtensions.Test.Sql.SqlDialectBaseFixture+GetColumnNameMethod" runstate="Runnable" seed="967984630" result="Passed" start-time="2017-04-01 15:12:35Z" end-time="2017-04-01 15:12:35Z" duration="0.001602" asserts="1" />
              <test-case id="1066" name="EmptyColumnName_ThrowsException" fullname="DapperExtensions.Test.Sql.SqlDialectBaseFixture+GetColumnNameMethod.EmptyColumnName_ThrowsException" methodname="EmptyColumnName_ThrowsException" classname="DapperExtensions.Test.Sql.SqlDialectBaseFixture+GetColumnNameMethod" runstate="Runnable" seed="1787741651" result="Passed" start-time="2017-04-01 15:12:35Z" end-time="2017-04-01 15:12:35Z" duration="0.000781" asserts="3" />
              <test-case id="1065" name="NullColumnName_ThrowsException" fullname="DapperExtensions.Test.Sql.SqlDialectBaseFixture+GetColumnNameMethod.NullColumnName_ThrowsException" methodname="NullColumnName_ThrowsException" classname="DapperExtensions.Test.Sql.SqlDialectBaseFixture+GetColumnNameMethod" runstate="Runnable" seed="342199100" result="Passed" start-time="2017-04-01 15:12:35Z" end-time="2017-04-01 15:12:35Z" duration="0.000435" asserts="3" />
              <test-case id="1068" name="PrefixColumnName_ReturnsProperlyQuoted" fullname="DapperExtensions.Test.Sql.SqlDialectBaseFixture+GetColumnNameMethod.PrefixColumnName_ReturnsProperlyQuoted" methodname="PrefixColumnName_ReturnsProperlyQuoted" classname="DapperExtensions.Test.Sql.SqlDialectBaseFixture+GetColumnNameMethod" runstate="Runnable" seed="293797767" result="Passed" start-time="2017-04-01 15:12:35Z" end-time="2017-04-01 15:12:35Z" duration="0.000249" asserts="1" />
            </test-suite>
            <test-suite type="TestFixture" id="1057" name="SqlDialectBaseFixture+GetTableNameMethod" fullname="DapperExtensions.Test.Sql.SqlDialectBaseFixture+GetTableNameMethod" classname="DapperExtensions.Test.Sql.SqlDialectBaseFixture+GetTableNameMethod" runstate="Runnable" testcasecount="6" result="Passed" start-time="2017-04-01 15:12:35Z" end-time="2017-04-01 15:12:35Z" duration="0.019002" total="6" passed="6" failed="0" inconclusive="0" skipped="0" asserts="10">
              <test-case id="1062" name="AllParams_ReturnsProperlyQuoted" fullname="DapperExtensions.Test.Sql.SqlDialectBaseFixture+GetTableNameMethod.AllParams_ReturnsProperlyQuoted" methodname="AllParams_ReturnsProperlyQuoted" classname="DapperExtensions.Test.Sql.SqlDialectBaseFixture+GetTableNameMethod" runstate="Runnable" seed="1766794431" result="Passed" start-time="2017-04-01 15:12:35Z" end-time="2017-04-01 15:12:35Z" duration="0.000170" asserts="1" />
              <test-case id="1063" name="ContainsQuotes_DoesNotAddExtraQuotes" fullname="DapperExtensions.Test.Sql.SqlDialectBaseFixture+GetTableNameMethod.ContainsQuotes_DoesNotAddExtraQuotes" methodname="ContainsQuotes_DoesNotAddExtraQuotes" classname="DapperExtensions.Test.Sql.SqlDialectBaseFixture+GetTableNameMethod" runstate="Runnable" seed="1376236627" result="Passed" start-time="2017-04-01 15:12:35Z" end-time="2017-04-01 15:12:35Z" duration="0.000479" asserts="1" />
              <test-case id="1059" name="EmptyTableName_ThrowsException" fullname="DapperExtensions.Test.Sql.SqlDialectBaseFixture+GetTableNameMethod.EmptyTableName_ThrowsException" methodname="EmptyTableName_ThrowsException" classname="DapperExtensions.Test.Sql.SqlDialectBaseFixture+GetTableNameMethod" runstate="Runnable" seed="1106289792" result="Passed" start-time="2017-04-01 15:12:35Z" end-time="2017-04-01 15:12:35Z" duration="0.000429" asserts="3" />
              <test-case id="1058" name="NullTableName_ThrowsException" fullname="DapperExtensions.Test.Sql.SqlDialectBaseFixture+GetTableNameMethod.NullTableName_ThrowsException" methodname="NullTableName_ThrowsException" classname="DapperExtensions.Test.Sql.SqlDialectBaseFixture+GetTableNameMethod" runstate="Runnable" seed="51876912" result="Passed" start-time="2017-04-01 15:12:35Z" end-time="2017-04-01 15:12:35Z" duration="0.000531" asserts="3" />
              <test-case id="1061" name="SchemaAndTable_ReturnsProperlyQuoted" fullname="DapperExtensions.Test.Sql.SqlDialectBaseFixture+GetTableNameMethod.SchemaAndTable_ReturnsProperlyQuoted" methodname="SchemaAndTable_ReturnsProperlyQuoted" classname="DapperExtensions.Test.Sql.SqlDialectBaseFixture+GetTableNameMethod" runstate="Runnable" seed="986612226" result="Passed" start-time="2017-04-01 15:12:35Z" end-time="2017-04-01 15:12:35Z" duration="0.000185" asserts="1" />
              <test-case id="1060" name="TableNameOnly_ReturnsProperlyQuoted" fullname="DapperExtensions.Test.Sql.SqlDialectBaseFixture+GetTableNameMethod.TableNameOnly_ReturnsProperlyQuoted" methodname="TableNameOnly_ReturnsProperlyQuoted" classname="DapperExtensions.Test.Sql.SqlDialectBaseFixture+GetTableNameMethod" runstate="Runnable" seed="1533784463" result="Passed" start-time="2017-04-01 15:12:35Z" end-time="2017-04-01 15:12:35Z" duration="0.000313" asserts="1" />
            </test-suite>
            <test-suite type="TestFixture" id="1043" name="SqlDialectBaseFixture+IsQuotedMethod" fullname="DapperExtensions.Test.Sql.SqlDialectBaseFixture+IsQuotedMethod" classname="DapperExtensions.Test.Sql.SqlDialectBaseFixture+IsQuotedMethod" runstate="Runnable" testcasecount="3" result="Passed" start-time="2017-04-01 15:12:35Z" end-time="2017-04-01 15:12:35Z" duration="0.008952" total="3" passed="3" failed="0" inconclusive="0" skipped="0" asserts="3">
              <test-case id="1046" name="WithOnlyCloseQuotes_ReturnsFalse" fullname="DapperExtensions.Test.Sql.SqlDialectBaseFixture+IsQuotedMethod.WithOnlyCloseQuotes_ReturnsFalse" methodname="WithOnlyCloseQuotes_ReturnsFalse" classname="DapperExtensions.Test.Sql.SqlDialectBaseFixture+IsQuotedMethod" runstate="Runnable" seed="1182929743" result="Passed" start-time="2017-04-01 15:12:35Z" end-time="2017-04-01 15:12:35Z" duration="0.000140" asserts="1" />
              <test-case id="1045" name="WithOnlyStartQuotes_ReturnsFalse" fullname="DapperExtensions.Test.Sql.SqlDialectBaseFixture+IsQuotedMethod.WithOnlyStartQuotes_ReturnsFalse" methodname="WithOnlyStartQuotes_ReturnsFalse" classname="DapperExtensions.Test.Sql.SqlDialectBaseFixture+IsQuotedMethod" runstate="Runnable" seed="777230140" result="Passed" start-time="2017-04-01 15:12:35Z" end-time="2017-04-01 15:12:35Z" duration="0.000198" asserts="1" />
              <test-case id="1044" name="WithQuotes_ReturnsTrue" fullname="DapperExtensions.Test.Sql.SqlDialectBaseFixture+IsQuotedMethod.WithQuotes_ReturnsTrue" methodname="WithQuotes_ReturnsTrue" classname="DapperExtensions.Test.Sql.SqlDialectBaseFixture+IsQuotedMethod" runstate="Runnable" seed="222566791" result="Passed" start-time="2017-04-01 15:12:35Z" end-time="2017-04-01 15:12:35Z" duration="0.000281" asserts="1" />
            </test-suite>
            <test-suite type="TestFixture" id="1041" name="SqlDialectBaseFixture+Properties" fullname="DapperExtensions.Test.Sql.SqlDialectBaseFixture+Properties" classname="DapperExtensions.Test.Sql.SqlDialectBaseFixture+Properties" runstate="Runnable" testcasecount="1" result="Passed" start-time="2017-04-01 15:12:35Z" end-time="2017-04-01 15:12:35Z" duration="0.003007" total="1" passed="1" failed="0" inconclusive="0" skipped="0" asserts="5">
              <test-case id="1042" name="CheckSettings" fullname="DapperExtensions.Test.Sql.SqlDialectBaseFixture+Properties.CheckSettings" methodname="CheckSettings" classname="DapperExtensions.Test.Sql.SqlDialectBaseFixture+Properties" runstate="Runnable" seed="1714491720" result="Passed" start-time="2017-04-01 15:12:35Z" end-time="2017-04-01 15:12:35Z" duration="0.000393" asserts="5" />
            </test-suite>
            <test-suite type="TestFixture" id="1047" name="SqlDialectBaseFixture+QuoteStringMethod" fullname="DapperExtensions.Test.Sql.SqlDialectBaseFixture+QuoteStringMethod" classname="DapperExtensions.Test.Sql.SqlDialectBaseFixture+QuoteStringMethod" runstate="Runnable" testcasecount="4" result="Passed" start-time="2017-04-01 15:12:35Z" end-time="2017-04-01 15:12:35Z" duration="0.012466" total="4" passed="4" failed="0" inconclusive="0" skipped="0" asserts="4">
              <test-case id="1051" name="WithBothQuote_DoesNotAddQuotes" fullname="DapperExtensions.Test.Sql.SqlDialectBaseFixture+QuoteStringMethod.WithBothQuote_DoesNotAddQuotes" methodname="WithBothQuote_DoesNotAddQuotes" classname="DapperExtensions.Test.Sql.SqlDialectBaseFixture+QuoteStringMethod" runstate="Runnable" seed="1350213460" result="Passed" start-time="2017-04-01 15:12:35Z" end-time="2017-04-01 15:12:35Z" duration="0.000172" asserts="1" />
              <test-case id="1050" name="WithCloseQuote_AddsQuotes" fullname="DapperExtensions.Test.Sql.SqlDialectBaseFixture+QuoteStringMethod.WithCloseQuote_AddsQuotes" methodname="WithCloseQuote_AddsQuotes" classname="DapperExtensions.Test.Sql.SqlDialectBaseFixture+QuoteStringMethod" runstate="Runnable" seed="248377874" result="Passed" start-time="2017-04-01 15:12:35Z" end-time="2017-04-01 15:12:35Z" duration="0.000171" asserts="1" />
              <test-case id="1048" name="WithNoQuotes_AddsQuotes" fullname="DapperExtensions.Test.Sql.SqlDialectBaseFixture+QuoteStringMethod.WithNoQuotes_AddsQuotes" methodname="WithNoQuotes_AddsQuotes" classname="DapperExtensions.Test.Sql.SqlDialectBaseFixture+QuoteStringMethod" runstate="Runnable" seed="291835716" result="Passed" start-time="2017-04-01 15:12:35Z" end-time="2017-04-01 15:12:35Z" duration="0.000213" asserts="1" />
              <test-case id="1049" name="WithStartQuote_AddsQuotes" fullname="DapperExtensions.Test.Sql.SqlDialectBaseFixture+QuoteStringMethod.WithStartQuote_AddsQuotes" methodname="WithStartQuote_AddsQuotes" classname="DapperExtensions.Test.Sql.SqlDialectBaseFixture+QuoteStringMethod" runstate="Runnable" seed="1084438436" result="Passed" start-time="2017-04-01 15:12:35Z" end-time="2017-04-01 15:12:35Z" duration="0.000182" asserts="1" />
            </test-suite>
            <test-suite type="TestFixture" id="1052" name="SqlDialectBaseFixture+UnQuoteStringMethod" fullname="DapperExtensions.Test.Sql.SqlDialectBaseFixture+UnQuoteStringMethod" classname="DapperExtensions.Test.Sql.SqlDialectBaseFixture+UnQuoteStringMethod" runstate="Runnable" testcasecount="4" result="Passed" start-time="2017-04-01 15:12:35Z" end-time="2017-04-01 15:12:35Z" duration="0.012506" total="4" passed="4" failed="0" inconclusive="0" skipped="0" asserts="4">
              <test-case id="1056" name="WithBothQuote_DoesNotAddQuotes" fullname="DapperExtensions.Test.Sql.SqlDialectBaseFixture+UnQuoteStringMethod.WithBothQuote_DoesNotAddQuotes" methodname="WithBothQuote_DoesNotAddQuotes" classname="DapperExtensions.Test.Sql.SqlDialectBaseFixture+UnQuoteStringMethod" runstate="Runnable" seed="20231769" result="Passed" start-time="2017-04-01 15:12:35Z" end-time="2017-04-01 15:12:35Z" duration="0.000302" asserts="1" />
              <test-case id="1055" name="WithCloseQuote_AddsQuotes" fullname="DapperExtensions.Test.Sql.SqlDialectBaseFixture+UnQuoteStringMethod.WithCloseQuote_AddsQuotes" methodname="WithCloseQuote_AddsQuotes" classname="DapperExtensions.Test.Sql.SqlDialectBaseFixture+UnQuoteStringMethod" runstate="Runnable" seed="154351235" result="Passed" start-time="2017-04-01 15:12:35Z" end-time="2017-04-01 15:12:35Z" duration="0.000180" asserts="1" />
              <test-case id="1053" name="WithNoQuotes_AddsQuotes" fullname="DapperExtensions.Test.Sql.SqlDialectBaseFixture+UnQuoteStringMethod.WithNoQuotes_AddsQuotes" methodname="WithNoQuotes_AddsQuotes" classname="DapperExtensions.Test.Sql.SqlDialectBaseFixture+UnQuoteStringMethod" runstate="Runnable" seed="1136638983" result="Passed" start-time="2017-04-01 15:12:35Z" end-time="2017-04-01 15:12:35Z" duration="0.000249" asserts="1" />
              <test-case id="1054" name="WithStartQuote_AddsQuotes" fullname="DapperExtensions.Test.Sql.SqlDialectBaseFixture+UnQuoteStringMethod.WithStartQuote_AddsQuotes" methodname="WithStartQuote_AddsQuotes" classname="DapperExtensions.Test.Sql.SqlDialectBaseFixture+UnQuoteStringMethod" runstate="Runnable" seed="467681504" result="Passed" start-time="2017-04-01 15:12:35Z" end-time="2017-04-01 15:12:35Z" duration="0.000274" asserts="1" />
            </test-suite>
            <test-suite type="TestFixture" id="1002" name="SqliteDialectFixture" fullname="DapperExtensions.Test.Sql.SqliteDialectFixture" classname="DapperExtensions.Test.Sql.SqliteDialectFixture" runstate="Runnable" testcasecount="0" result="Passed" start-time="2017-04-01 15:12:35Z" end-time="2017-04-01 15:12:35Z" duration="0.000069" total="0" passed="0" failed="0" inconclusive="0" skipped="0" asserts="0" />
            <test-suite type="TestFixture" id="1086" name="SqliteDialectFixture+GetPagingSqlMethod" fullname="DapperExtensions.Test.Sql.SqliteDialectFixture+GetPagingSqlMethod" classname="DapperExtensions.Test.Sql.SqliteDialectFixture+GetPagingSqlMethod" runstate="Runnable" testcasecount="4" result="Passed" start-time="2017-04-01 15:12:35Z" end-time="2017-04-01 15:12:35Z" duration="0.013550" total="4" passed="4" failed="0" inconclusive="0" skipped="0" asserts="13">
              <test-case id="1088" name="EmptySql_ThrowsException" fullname="DapperExtensions.Test.Sql.SqliteDialectFixture+GetPagingSqlMethod.EmptySql_ThrowsException" methodname="EmptySql_ThrowsException" classname="DapperExtensions.Test.Sql.SqliteDialectFixture+GetPagingSqlMethod" runstate="Runnable" seed="2143226414" result="Passed" start-time="2017-04-01 15:12:35Z" end-time="2017-04-01 15:12:35Z" duration="0.000486" asserts="3" />
              <test-case id="1089" name="NullParameters_ThrowsException" fullname="DapperExtensions.Test.Sql.SqliteDialectFixture+GetPagingSqlMethod.NullParameters_ThrowsException" methodname="NullParameters_ThrowsException" classname="DapperExtensions.Test.Sql.SqliteDialectFixture+GetPagingSqlMethod" runstate="Runnable" seed="447651634" result="Passed" start-time="2017-04-01 15:12:35Z" end-time="2017-04-01 15:12:35Z" duration="0.000457" asserts="3" />
              <test-case id="1087" name="NullSql_ThrowsException" fullname="DapperExtensions.Test.Sql.SqliteDialectFixture+GetPagingSqlMethod.NullSql_ThrowsException" methodname="NullSql_ThrowsException" classname="DapperExtensions.Test.Sql.SqliteDialectFixture+GetPagingSqlMethod" runstate="Runnable" seed="1411378133" result="Passed" start-time="2017-04-01 15:12:35Z" end-time="2017-04-01 15:12:35Z" duration="0.000459" asserts="3" />
              <test-case id="1090" name="Select_ReturnsSql" fullname="DapperExtensions.Test.Sql.SqliteDialectFixture+GetPagingSqlMethod.Select_ReturnsSql" methodname="Select_ReturnsSql" classname="DapperExtensions.Test.Sql.SqliteDialectFixture+GetPagingSqlMethod" runstate="Runnable" seed="1484949176" result="Passed" start-time="2017-04-01 15:12:35Z" end-time="2017-04-01 15:12:35Z" duration="0.000458" asserts="4" />
            </test-suite>
            <test-suite type="TestFixture" id="1084" name="SqliteDialectFixture+Properties" fullname="DapperExtensions.Test.Sql.SqliteDialectFixture+Properties" classname="DapperExtensions.Test.Sql.SqliteDialectFixture+Properties" runstate="Runnable" testcasecount="1" result="Passed" start-time="2017-04-01 15:12:35Z" end-time="2017-04-01 15:12:35Z" duration="0.002977" total="1" passed="1" failed="0" inconclusive="0" skipped="0" asserts="5">
              <test-case id="1085" name="CheckSettings" fullname="DapperExtensions.Test.Sql.SqliteDialectFixture+Properties.CheckSettings" methodname="CheckSettings" classname="DapperExtensions.Test.Sql.SqliteDialectFixture+Properties" runstate="Runnable" seed="825854045" result="Passed" start-time="2017-04-01 15:12:35Z" end-time="2017-04-01 15:12:35Z" duration="0.000341" asserts="5" />
            </test-suite>
            <test-suite type="TestFixture" id="1001" name="SqlServerDialectFixture" fullname="DapperExtensions.Test.Sql.SqlServerDialectFixture" classname="DapperExtensions.Test.Sql.SqlServerDialectFixture" runstate="Runnable" testcasecount="0" result="Passed" start-time="2017-04-01 15:12:35Z" end-time="2017-04-01 15:12:35Z" duration="0.000170" total="0" passed="0" failed="0" inconclusive="0" skipped="0" asserts="0" />
            <test-suite type="TestFixture" id="1080" name="SqlServerDialectFixture+GetOrderByClauseMethod" fullname="DapperExtensions.Test.Sql.SqlServerDialectFixture+GetOrderByClauseMethod" classname="DapperExtensions.Test.Sql.SqlServerDialectFixture+GetOrderByClauseMethod" runstate="Runnable" testcasecount="3" result="Passed" start-time="2017-04-01 15:12:35Z" end-time="2017-04-01 15:12:35Z" duration="0.010024" total="3" passed="3" failed="0" inconclusive="0" skipped="0" asserts="3">
              <test-case id="1081" name="NoOrderBy_Returns" fullname="DapperExtensions.Test.Sql.SqlServerDialectFixture+GetOrderByClauseMethod.NoOrderBy_Returns" methodname="NoOrderBy_Returns" classname="DapperExtensions.Test.Sql.SqlServerDialectFixture+GetOrderByClauseMethod" runstate="Runnable" seed="1174460091" result="Passed" start-time="2017-04-01 15:12:35Z" end-time="2017-04-01 15:12:35Z" duration="0.000637" asserts="1" />
              <test-case id="1082" name="OrderBy_ReturnsItemsAfterClause" fullname="DapperExtensions.Test.Sql.SqlServerDialectFixture+GetOrderByClauseMethod.OrderBy_ReturnsItemsAfterClause" methodname="OrderBy_ReturnsItemsAfterClause" classname="DapperExtensions.Test.Sql.SqlServerDialectFixture+GetOrderByClauseMethod" runstate="Runnable" seed="1386820666" result="Passed" start-time="2017-04-01 15:12:35Z" end-time="2017-04-01 15:12:35Z" duration="0.000261" asserts="1" />
              <test-case id="1083" name="OrderByWithWhere_ReturnsOnlyOrderBy" fullname="DapperExtensions.Test.Sql.SqlServerDialectFixture+GetOrderByClauseMethod.OrderByWithWhere_ReturnsOnlyOrderBy" methodname="OrderByWithWhere_ReturnsOnlyOrderBy" classname="DapperExtensions.Test.Sql.SqlServerDialectFixture+GetOrderByClauseMethod" runstate="Runnable" seed="1549587246" result="Passed" start-time="2017-04-01 15:12:35Z" end-time="2017-04-01 15:12:35Z" duration="0.000337" asserts="1" />
            </test-suite>
            <test-suite type="TestFixture" id="1073" name="SqlServerDialectFixture+GetPagingSqlMethod" fullname="DapperExtensions.Test.Sql.SqlServerDialectFixture+GetPagingSqlMethod" classname="DapperExtensions.Test.Sql.SqlServerDialectFixture+GetPagingSqlMethod" runstate="Runnable" testcasecount="6" result="Passed" start-time="2017-04-01 15:12:35Z" end-time="2017-04-01 15:12:35Z" duration="0.022438" total="6" passed="6" failed="0" inconclusive="0" skipped="0" asserts="18">
              <test-case id="1075" name="EmptySql_ThrowsException" fullname="DapperExtensions.Test.Sql.SqlServerDialectFixture+GetPagingSqlMethod.EmptySql_ThrowsException" methodname="EmptySql_ThrowsException" classname="DapperExtensions.Test.Sql.SqlServerDialectFixture+GetPagingSqlMethod" runstate="Runnable" seed="176202591" result="Passed" start-time="2017-04-01 15:12:35Z" end-time="2017-04-01 15:12:35Z" duration="0.001410" asserts="3" />
              <test-case id="1076" name="NullParameters_ThrowsException" fullname="DapperExtensions.Test.Sql.SqlServerDialectFixture+GetPagingSqlMethod.NullParameters_ThrowsException" methodname="NullParameters_ThrowsException" classname="DapperExtensions.Test.Sql.SqlServerDialectFixture+GetPagingSqlMethod" runstate="Runnable" seed="1305638358" result="Passed" start-time="2017-04-01 15:12:35Z" end-time="2017-04-01 15:12:35Z" duration="0.000454" asserts="3" />
              <test-case id="1074" name="NullSql_ThrowsException" fullname="DapperExtensions.Test.Sql.SqlServerDialectFixture+GetPagingSqlMethod.NullSql_ThrowsException" methodname="NullSql_ThrowsException" classname="DapperExtensions.Test.Sql.SqlServerDialectFixture+GetPagingSqlMethod" runstate="Runnable" seed="227722700" result="Passed" start-time="2017-04-01 15:12:35Z" end-time="2017-04-01 15:12:35Z" duration="0.000523" asserts="3" />
              <test-case id="1077" name="Select_ReturnsSql" fullname="DapperExtensions.Test.Sql.SqlServerDialectFixture+GetPagingSqlMethod.Select_ReturnsSql" methodname="Select_ReturnsSql" classname="DapperExtensions.Test.Sql.SqlServerDialectFixture+GetPagingSqlMethod" runstate="Runnable" seed="2078369783" result="Passed" start-time="2017-04-01 15:12:35Z" end-time="2017-04-01 15:12:35Z" duration="0.001536" asserts="3" />
              <test-case id="1078" name="SelectDistinct_ReturnsSql" fullname="DapperExtensions.Test.Sql.SqlServerDialectFixture+GetPagingSqlMethod.SelectDistinct_ReturnsSql" methodname="SelectDistinct_ReturnsSql" classname="DapperExtensions.Test.Sql.SqlServerDialectFixture+GetPagingSqlMethod" runstate="Runnable" seed="885108563" result="Passed" start-time="2017-04-01 15:12:35Z" end-time="2017-04-01 15:12:35Z" duration="0.000407" asserts="3" />
              <test-case id="1079" name="SelectOrderBy_ReturnsSql" fullname="DapperExtensions.Test.Sql.SqlServerDialectFixture+GetPagingSqlMethod.SelectOrderBy_ReturnsSql" methodname="SelectOrderBy_ReturnsSql" classname="DapperExtensions.Test.Sql.SqlServerDialectFixture+GetPagingSqlMethod" runstate="Runnable" seed="370515792" result="Passed" start-time="2017-04-01 15:12:35Z" end-time="2017-04-01 15:12:35Z" duration="0.000332" asserts="3" />
            </test-suite>
            <test-suite type="TestFixture" id="1071" name="SqlServerDialectFixture+Properties" fullname="DapperExtensions.Test.Sql.SqlServerDialectFixture+Properties" classname="DapperExtensions.Test.Sql.SqlServerDialectFixture+Properties" runstate="Runnable" testcasecount="1" result="Passed" start-time="2017-04-01 15:12:35Z" end-time="2017-04-01 15:12:35Z" duration="0.003985" total="1" passed="1" failed="0" inconclusive="0" skipped="0" asserts="5">
              <test-case id="1072" name="CheckSettings" fullname="DapperExtensions.Test.Sql.SqlServerDialectFixture+Properties.CheckSettings" methodname="CheckSettings" classname="DapperExtensions.Test.Sql.SqlServerDialectFixture+Properties" runstate="Runnable" seed="1960516531" result="Passed" start-time="2017-04-01 15:12:35Z" end-time="2017-04-01 15:12:35Z" duration="0.000469" asserts="5" />
            </test-suite>
          </test-suite>
        </test-suite>
      </test-suite>
    </test-suite>
  </test-run>
</test-run>